DEBUG:urllib3.connectionpool:Starting new HTTPS connection (1): api.yelp.com
DEBUG:urllib3.connectionpool:https://api.yelp.com:443 "GET /v3/businesses/search?radius=100&categories=restaurants&latitude=45.5409278&term=Sapori%2BDi%2BNapoli&longitude=-73.6869408&limit=3 HTTP/1.1" 200 None
DEBUG:urllib3.connectionpool:Starting new HTTPS connection (1): api.yelp.com
DEBUG:urllib3.connectionpool:https://api.yelp.com:443 "GET /v3/businesses/search?radius=100&categories=restaurants&latitude=45.5409278&term=Sapori%2BDi%2BNapoli&longitude=-73.6869408&limit=3 HTTP/1.1" 200 None
DEBUG:urllib3.connectionpool:Starting new HTTPS connection (1): api.yelp.com
DEBUG:urllib3.connectionpool:https://api.yelp.com:443 "GET /v3/businesses/sapori-di-napoli-montr%C3%A9al HTTP/1.1" 200 None
DEBUG:urllib3.connectionpool:Starting new HTTPS connection (1): api.yelp.com
DEBUG:urllib3.connectionpool:https://api.yelp.com:443 "GET /v3/businesses/search?radius=100&categories=restaurants&latitude=45.546082&term=Restaurant%2BLe%2BBordelais&longitude=-73.696675&limit=3 HTTP/1.1" 200 None
DEBUG:urllib3.connectionpool:Starting new HTTPS connection (1): api.yelp.com
DEBUG:urllib3.connectionpool:https://api.yelp.com:443 "GET /v3/businesses/le-bordelais-montr%C3%A9al HTTP/1.1" 200 None
DEBUG:urllib3.connectionpool:Starting new HTTPS connection (1): api.yelp.com
DEBUG:urllib3.connectionpool:https://api.yelp.com:443 "GET /v3/businesses/search?radius=100&categories=restaurants&latitude=45.540389&term=Restaurant%2BDima&longitude=-73.6873729&limit=3 HTTP/1.1" 200 None
DEBUG:urllib3.connectionpool:Starting new HTTPS connection (1): api.yelp.com
DEBUG:urllib3.connectionpool:https://api.yelp.com:443 "GET /v3/businesses/restaurant-dima-montr%C3%A9al-2 HTTP/1.1" 200 None
DEBUG:urllib3.connectionpool:Starting new HTTPS connection (1): api.yelp.com
DEBUG:urllib3.connectionpool:https://api.yelp.com:443 "GET /v3/businesses/search?radius=100&categories=restaurants&latitude=45.5412884&term=Restaurant%2BDollara%2BBurger&longitude=-73.6955741&limit=3 HTTP/1.1" 200 None
DEBUG:urllib3.connectionpool:Starting new HTTPS connection (1): api.yelp.com
DEBUG:urllib3.connectionpool:https://api.yelp.com:443 "GET /v3/businesses/search?radius=100&categories=restaurants&latitude=45.5412881&term=Pizzeria%2BGigi&longitude=-73.6954513&limit=3 HTTP/1.1" 200 None
DEBUG:urllib3.connectionpool:Starting new HTTPS connection (1): api.yelp.com
DEBUG:urllib3.connectionpool:https://api.yelp.com:443 "GET /v3/businesses/search?radius=100&categories=restaurants&latitude=45.5404742&term=Boulangerie%2BSeta&longitude=-73.6872491&limit=3 HTTP/1.1" 200 None
DEBUG:urllib3.connectionpool:Starting new HTTPS connection (1): api.yelp.com
DEBUG:urllib3.connectionpool:https://api.yelp.com:443 "GET /v3/businesses/search?radius=100&categories=restaurants&latitude=45.5402203&term=Le%2BDelicieux&longitude=-73.6870809&limit=3 HTTP/1.1" 200 None
DEBUG:urllib3.connectionpool:Starting new HTTPS connection (1): api.yelp.com
DEBUG:urllib3.connectionpool:https://api.yelp.com:443 "GET /v3/businesses/restaurant-dima-montr%C3%A9al-2 HTTP/1.1" 200 None
DEBUG:urllib3.connectionpool:Starting new HTTPS connection (1): api.yelp.com
DEBUG:urllib3.connectionpool:https://api.yelp.com:443 "GET /v3/businesses/search?radius=100&categories=restaurants&latitude=45.5386105&term=Pyj%2BAma%2BPyjama&longitude=-73.69895439999999&limit=3 HTTP/1.1" 200 None
DEBUG:urllib3.connectionpool:Starting new HTTPS connection (1): api.yelp.com
DEBUG:urllib3.connectionpool:https://api.yelp.com:443 "GET /v3/businesses/search?radius=100&categories=restaurants&latitude=45.5368465&term=Kebeh%2BKabab&longitude=-73.6975066&limit=3 HTTP/1.1" 200 None
DEBUG:urllib3.connectionpool:Starting new HTTPS connection (1): api.yelp.com
DEBUG:urllib3.connectionpool:https://api.yelp.com:443 "GET /v3/businesses/search?radius=100&categories=restaurants&latitude=45.5367221&term=Nouille%2BOrientale&longitude=-73.69769459999999&limit=3 HTTP/1.1" 200 None
DEBUG:urllib3.connectionpool:Starting new HTTPS connection (1): api.yelp.com
DEBUG:urllib3.connectionpool:https://api.yelp.com:443 "GET /v3/businesses/search?radius=100&categories=restaurants&latitude=45.5484701&term=Subway&longitude=-73.67173939999999&limit=3 HTTP/1.1" 200 None
DEBUG:urllib3.connectionpool:Starting new HTTPS connection (1): api.yelp.com
DEBUG:urllib3.connectionpool:https://api.yelp.com:443 "GET /v3/businesses/search?radius=100&categories=restaurants&latitude=45.5476482&term=Pizza%2BRoni&longitude=-73.6722099&limit=3 HTTP/1.1" 200 None
DEBUG:urllib3.connectionpool:Starting new HTTPS connection (1): api.yelp.com
DEBUG:urllib3.connectionpool:https://api.yelp.com:443 "GET /v3/businesses/pizza-roni-montr%C3%A9al-2 HTTP/1.1" 200 None
DEBUG:urllib3.connectionpool:Starting new HTTPS connection (1): api.yelp.com
DEBUG:urllib3.connectionpool:https://api.yelp.com:443 "GET /v3/businesses/search?radius=100&categories=restaurants&latitude=45.5380018&term=Restaurant%2BSUBWAY&longitude=-73.679182&limit=3 HTTP/1.1" 200 None
DEBUG:urllib3.connectionpool:Starting new HTTPS connection (1): api.yelp.com
DEBUG:urllib3.connectionpool:https://api.yelp.com:443 "GET /v3/businesses/search?radius=100&categories=restaurants&latitude=45.545412&term=Restaurant%2BFeuilles%2BDe%2BBasilic&longitude=-73.67358279999999&limit=3 HTTP/1.1" 200 None
DEBUG:urllib3.connectionpool:Starting new HTTPS connection (1): api.yelp.com
DEBUG:urllib3.connectionpool:https://api.yelp.com:443 "GET /v3/businesses/search?radius=100&categories=restaurants&latitude=45.5454081&term=Sushi%2B426&longitude=-73.673568&limit=3 HTTP/1.1" 200 None
DEBUG:urllib3.connectionpool:Starting new HTTPS connection (1): api.yelp.com
DEBUG:urllib3.connectionpool:https://api.yelp.com:443 "GET /v3/businesses/search?radius=100&categories=restaurants&latitude=45.5374814&term=Coq%2BLa%2BLa%2BLivraison%2BGrillades&longitude=-73.6780739&limit=3 HTTP/1.1" 200 None
DEBUG:urllib3.connectionpool:Starting new HTTPS connection (1): api.yelp.com
DEBUG:urllib3.connectionpool:https://api.yelp.com:443 "GET /v3/businesses/search?radius=100&categories=restaurants&latitude=45.5503389&term=Restaurant%2BCasa%2BVertoudos&longitude=-73.671255&limit=3 HTTP/1.1" 200 None
DEBUG:urllib3.connectionpool:Starting new HTTPS connection (1): api.yelp.com
DEBUG:urllib3.connectionpool:Starting new HTTPS connection (1): api.yelp.com
DEBUG:urllib3.connectionpool:https://api.yelp.com:443 "GET /v3/businesses/search?radius=100&categories=restaurants&latitude=45.5409278&term=Sapori%2BDi%2BNapoli&longitude=-73.6869408&limit=3 HTTP/1.1" 200 None
DEBUG:urllib3.connectionpool:Starting new HTTPS connection (1): api.yelp.com
DEBUG:urllib3.connectionpool:https://api.yelp.com:443 "GET /v3/businesses/sapori-di-napoli-montr%C3%A9al HTTP/1.1" 200 None
DEBUG:urllib3.connectionpool:Starting new HTTPS connection (1): api.yelp.com
DEBUG:urllib3.connectionpool:https://api.yelp.com:443 "GET /v3/businesses/search?radius=100&categories=restaurants&latitude=45.546082&term=Restaurant%2BLe%2BBordelais&longitude=-73.696675&limit=3 HTTP/1.1" 200 None
DEBUG:urllib3.connectionpool:Starting new HTTPS connection (1): api.yelp.com
DEBUG:urllib3.connectionpool:https://api.yelp.com:443 "GET /v3/businesses/le-bordelais-montr%C3%A9al HTTP/1.1" 200 None
DEBUG:urllib3.connectionpool:Starting new HTTPS connection (1): api.yelp.com
DEBUG:urllib3.connectionpool:https://api.yelp.com:443 "GET /v3/businesses/search?radius=100&categories=restaurants&latitude=45.540389&term=Restaurant%2BDima&longitude=-73.6873729&limit=3 HTTP/1.1" 200 None
DEBUG:urllib3.connectionpool:Starting new HTTPS connection (1): api.yelp.com
DEBUG:urllib3.connectionpool:https://api.yelp.com:443 "GET /v3/businesses/restaurant-dima-montr%C3%A9al-2 HTTP/1.1" 200 None
DEBUG:urllib3.connectionpool:Starting new HTTPS connection (1): api.yelp.com
DEBUG:urllib3.connectionpool:https://api.yelp.com:443 "GET /v3/businesses/search?radius=100&categories=restaurants&latitude=45.5412884&term=Restaurant%2BDollara%2BBurger&longitude=-73.6955741&limit=3 HTTP/1.1" 200 None
DEBUG:urllib3.connectionpool:Starting new HTTPS connection (1): api.yelp.com
DEBUG:urllib3.connectionpool:https://api.yelp.com:443 "GET /v3/businesses/search?radius=100&categories=restaurants&latitude=45.5412881&term=Pizzeria%2BGigi&longitude=-73.6954513&limit=3 HTTP/1.1" 200 None
DEBUG:urllib3.connectionpool:Starting new HTTPS connection (1): api.yelp.com
DEBUG:urllib3.connectionpool:https://api.yelp.com:443 "GET /v3/businesses/search?radius=100&categories=restaurants&latitude=45.5404742&term=Boulangerie%2BSeta&longitude=-73.6872491&limit=3 HTTP/1.1" 200 None
DEBUG:urllib3.connectionpool:Starting new HTTPS connection (1): api.yelp.com
DEBUG:urllib3.connectionpool:https://api.yelp.com:443 "GET /v3/businesses/search?radius=100&categories=restaurants&latitude=45.5402203&term=Le%2BDelicieux&longitude=-73.6870809&limit=3 HTTP/1.1" 200 None
DEBUG:urllib3.connectionpool:Starting new HTTPS connection (1): api.yelp.com
DEBUG:urllib3.connectionpool:Starting new HTTPS connection (1): api.yelp.com
DEBUG:urllib3.connectionpool:https://api.yelp.com:443 "GET /v3/businesses/search?radius=100&categories=restaurants&latitude=45.5409278&term=Sapori%2BDi%2BNapoli&longitude=-73.6869408&limit=3 HTTP/1.1" 200 None
DEBUG:urllib3.connectionpool:Starting new HTTPS connection (1): api.yelp.com
DEBUG:urllib3.connectionpool:https://api.yelp.com:443 "GET /v3/businesses/sapori-di-napoli-montr%C3%A9al HTTP/1.1" 200 None
DEBUG:urllib3.connectionpool:Starting new HTTPS connection (1): api.yelp.com
DEBUG:urllib3.connectionpool:https://api.yelp.com:443 "GET /v3/businesses/search?radius=100&categories=restaurants&latitude=45.546082&term=Restaurant%2BLe%2BBordelais&longitude=-73.696675&limit=3 HTTP/1.1" 200 None
DEBUG:urllib3.connectionpool:Starting new HTTPS connection (1): api.yelp.com
DEBUG:urllib3.connectionpool:https://api.yelp.com:443 "GET /v3/businesses/le-bordelais-montr%C3%A9al HTTP/1.1" 200 None
DEBUG:urllib3.connectionpool:Starting new HTTPS connection (1): api.yelp.com
DEBUG:urllib3.connectionpool:https://api.yelp.com:443 "GET /v3/businesses/search?radius=100&categories=restaurants&latitude=45.540389&term=Restaurant%2BDima&longitude=-73.6873729&limit=3 HTTP/1.1" 200 None
DEBUG:urllib3.connectionpool:Starting new HTTPS connection (1): api.yelp.com
DEBUG:urllib3.connectionpool:https://api.yelp.com:443 "GET /v3/businesses/restaurant-dima-montr%C3%A9al-2 HTTP/1.1" 200 None
DEBUG:urllib3.connectionpool:Starting new HTTPS connection (1): api.yelp.com
DEBUG:urllib3.connectionpool:https://api.yelp.com:443 "GET /v3/businesses/search?radius=100&categories=restaurants&latitude=45.5412884&term=Restaurant%2BDollara%2BBurger&longitude=-73.6955741&limit=3 HTTP/1.1" 200 None
DEBUG:urllib3.connectionpool:Starting new HTTPS connection (1): api.yelp.com
DEBUG:urllib3.connectionpool:https://api.yelp.com:443 "GET /v3/businesses/search?radius=100&categories=restaurants&latitude=45.5409278&term=Sapori%2BDi%2BNapoli&longitude=-73.6869408&limit=3 HTTP/1.1" 200 None
DEBUG:urllib3.connectionpool:Starting new HTTPS connection (1): api.yelp.com
DEBUG:urllib3.connectionpool:https://api.yelp.com:443 "GET /v3/businesses/sapori-di-napoli-montr%C3%A9al HTTP/1.1" 200 None
DEBUG:urllib3.connectionpool:Starting new HTTPS connection (1): api.yelp.com
DEBUG:urllib3.connectionpool:https://api.yelp.com:443 "GET /v3/businesses/search?radius=100&categories=restaurants&latitude=45.546082&term=Restaurant%2BLe%2BBordelais&longitude=-73.696675&limit=3 HTTP/1.1" 200 None
DEBUG:urllib3.connectionpool:Starting new HTTPS connection (1): api.yelp.com
DEBUG:urllib3.connectionpool:https://api.yelp.com:443 "GET /v3/businesses/le-bordelais-montr%C3%A9al HTTP/1.1" 200 None
DEBUG:urllib3.connectionpool:Starting new HTTPS connection (1): api.yelp.com
DEBUG:urllib3.connectionpool:https://api.yelp.com:443 "GET /v3/businesses/search?radius=100&categories=restaurants&latitude=45.540389&term=Restaurant%2BDima&longitude=-73.6873729&limit=3 HTTP/1.1" 200 None
DEBUG:urllib3.connectionpool:Starting new HTTPS connection (1): api.yelp.com
DEBUG:urllib3.connectionpool:https://api.yelp.com:443 "GET /v3/businesses/restaurant-dima-montr%C3%A9al-2 HTTP/1.1" 200 None
DEBUG:urllib3.connectionpool:Starting new HTTPS connection (1): api.yelp.com
DEBUG:urllib3.connectionpool:https://api.yelp.com:443 "GET /v3/businesses/search?radius=100&categories=restaurants&latitude=45.5412884&term=Restaurant%2BDollara%2BBurger&longitude=-73.6955741&limit=3 HTTP/1.1" 200 None
DEBUG:urllib3.connectionpool:Starting new HTTPS connection (1): api.yelp.com
DEBUG:urllib3.connectionpool:https://api.yelp.com:443 "GET /v3/businesses/search?radius=100&categories=restaurants&latitude=45.5409278&term=Sapori%2BDi%2BNapoli&longitude=-73.6869408&limit=3 HTTP/1.1" 200 None
DEBUG:urllib3.connectionpool:Starting new HTTPS connection (1): api.yelp.com
DEBUG:urllib3.connectionpool:https://api.yelp.com:443 "GET /v3/businesses/sapori-di-napoli-montr%C3%A9al HTTP/1.1" 200 None
DEBUG:urllib3.connectionpool:Starting new HTTPS connection (1): api.yelp.com
DEBUG:urllib3.connectionpool:https://api.yelp.com:443 "GET /v3/businesses/search?radius=100&categories=restaurants&latitude=45.546082&term=Restaurant%2BLe%2BBordelais&longitude=-73.696675&limit=3 HTTP/1.1" 200 None
DEBUG:urllib3.connectionpool:Starting new HTTPS connection (1): api.yelp.com
DEBUG:urllib3.connectionpool:https://api.yelp.com:443 "GET /v3/businesses/le-bordelais-montr%C3%A9al HTTP/1.1" 200 None
DEBUG:urllib3.connectionpool:Starting new HTTPS connection (1): api.yelp.com
DEBUG:urllib3.connectionpool:https://api.yelp.com:443 "GET /v3/businesses/search?radius=100&categories=restaurants&latitude=45.540389&term=Restaurant%2BDima&longitude=-73.6873729&limit=3 HTTP/1.1" 200 None
DEBUG:urllib3.connectionpool:Starting new HTTPS connection (1): api.yelp.com
DEBUG:urllib3.connectionpool:https://api.yelp.com:443 "GET /v3/businesses/restaurant-dima-montr%C3%A9al-2 HTTP/1.1" 200 None
DEBUG:urllib3.connectionpool:Starting new HTTPS connection (1): api.yelp.com
DEBUG:urllib3.connectionpool:https://api.yelp.com:443 "GET /v3/businesses/search?radius=100&categories=restaurants&latitude=45.5412884&term=Restaurant%2BDollara%2BBurger&longitude=-73.6955741&limit=3 HTTP/1.1" 200 None
DEBUG:urllib3.connectionpool:Starting new HTTPS connection (1): api.yelp.com
DEBUG:urllib3.connectionpool:https://api.yelp.com:443 "GET /v3/businesses/search?radius=100&categories=restaurants&latitude=45.5412881&term=Pizzeria%2BGigi&longitude=-73.6954513&limit=3 HTTP/1.1" 200 None
DEBUG:urllib3.connectionpool:Starting new HTTPS connection (1): api.yelp.com
DEBUG:urllib3.connectionpool:https://api.yelp.com:443 "GET /v3/businesses/search?radius=100&categories=restaurants&latitude=45.5404742&term=Boulangerie%2BSeta&longitude=-73.6872491&limit=3 HTTP/1.1" 200 None
DEBUG:urllib3.connectionpool:Starting new HTTPS connection (1): api.yelp.com
DEBUG:urllib3.connectionpool:https://api.yelp.com:443 "GET /v3/businesses/search?radius=100&categories=restaurants&latitude=45.5402203&term=Le%2BDelicieux&longitude=-73.6870809&limit=3 HTTP/1.1" 200 None
DEBUG:urllib3.connectionpool:Starting new HTTPS connection (1): api.yelp.com
DEBUG:urllib3.connectionpool:https://api.yelp.com:443 "GET /v3/businesses/restaurant-dima-montr%C3%A9al-2 HTTP/1.1" 200 None
DEBUG:urllib3.connectionpool:Starting new HTTPS connection (1): api.yelp.com
DEBUG:urllib3.connectionpool:https://api.yelp.com:443 "GET /v3/businesses/search?radius=100&categories=restaurants&latitude=45.5386105&term=Pyj%2BAma%2BPyjama&longitude=-73.69895439999999&limit=3 HTTP/1.1" 200 None
DEBUG:urllib3.connectionpool:Starting new HTTPS connection (1): api.yelp.com
DEBUG:urllib3.connectionpool:https://api.yelp.com:443 "GET /v3/businesses/search?radius=100&categories=restaurants&latitude=45.5368465&term=Kebeh%2BKabab&longitude=-73.6975066&limit=3 HTTP/1.1" 200 None
DEBUG:urllib3.connectionpool:Starting new HTTPS connection (1): api.yelp.com
DEBUG:urllib3.connectionpool:https://api.yelp.com:443 "GET /v3/businesses/search?radius=100&categories=restaurants&latitude=45.5367221&term=Nouille%2BOrientale&longitude=-73.69769459999999&limit=3 HTTP/1.1" 200 None
DEBUG:urllib3.connectionpool:Starting new HTTPS connection (1): api.yelp.com
DEBUG:urllib3.connectionpool:https://api.yelp.com:443 "GET /v3/businesses/search?radius=100&categories=restaurants&latitude=45.5484701&term=Subway&longitude=-73.67173939999999&limit=3 HTTP/1.1" 200 None
DEBUG:urllib3.connectionpool:Starting new HTTPS connection (1): api.yelp.com
DEBUG:urllib3.connectionpool:https://api.yelp.com:443 "GET /v3/businesses/search?radius=100&categories=restaurants&latitude=45.5476482&term=Pizza%2BRoni&longitude=-73.6722099&limit=3 HTTP/1.1" 200 None
DEBUG:urllib3.connectionpool:Starting new HTTPS connection (1): api.yelp.com
DEBUG:urllib3.connectionpool:https://api.yelp.com:443 "GET /v3/businesses/pizza-roni-montr%C3%A9al-2 HTTP/1.1" 200 None
DEBUG:urllib3.connectionpool:Starting new HTTPS connection (1): api.yelp.com
DEBUG:urllib3.connectionpool:https://api.yelp.com:443 "GET /v3/businesses/search?radius=100&categories=restaurants&latitude=45.5380018&term=Restaurant%2BSUBWAY&longitude=-73.679182&limit=3 HTTP/1.1" 200 None
DEBUG:urllib3.connectionpool:Starting new HTTPS connection (1): api.yelp.com
DEBUG:urllib3.connectionpool:https://api.yelp.com:443 "GET /v3/businesses/search?radius=100&categories=restaurants&latitude=45.545412&term=Restaurant%2BFeuilles%2BDe%2BBasilic&longitude=-73.67358279999999&limit=3 HTTP/1.1" 200 None
DEBUG:urllib3.connectionpool:Starting new HTTPS connection (1): api.yelp.com
DEBUG:urllib3.connectionpool:https://api.yelp.com:443 "GET /v3/businesses/search?radius=100&categories=restaurants&latitude=45.5454081&term=Sushi%2B426&longitude=-73.673568&limit=3 HTTP/1.1" 200 None
DEBUG:urllib3.connectionpool:Starting new HTTPS connection (1): api.yelp.com
DEBUG:urllib3.connectionpool:https://api.yelp.com:443 "GET /v3/businesses/search?radius=100&categories=restaurants&latitude=45.5374814&term=Coq%2BLa%2BLa%2BLivraison%2BGrillades&longitude=-73.6780739&limit=3 HTTP/1.1" 200 None
DEBUG:urllib3.connectionpool:Starting new HTTPS connection (1): api.yelp.com
DEBUG:urllib3.connectionpool:https://api.yelp.com:443 "GET /v3/businesses/search?radius=100&categories=restaurants&latitude=45.5503389&term=Restaurant%2BCasa%2BVertoudos&longitude=-73.671255&limit=3 HTTP/1.1" 200 None
DEBUG:urllib3.connectionpool:Starting new HTTPS connection (1): api.yelp.com
DEBUG:urllib3.connectionpool:https://api.yelp.com:443 "GET /v3/businesses/restaurant-casa-vertoudos-montr%C3%A9al-2 HTTP/1.1" 200 None
DEBUG:urllib3.connectionpool:Starting new HTTPS connection (1): api.yelp.com
DEBUG:urllib3.connectionpool:https://api.yelp.com:443 "GET /v3/businesses/search?radius=100&categories=restaurants&latitude=45.54478649999999&term=Restaurant%2BL%27Oeuforie%2BMatinale&longitude=-73.67458189999999&limit=3 HTTP/1.1" 200 None
DEBUG:urllib3.connectionpool:Starting new HTTPS connection (1): api.yelp.com
DEBUG:urllib3.connectionpool:https://api.yelp.com:443 "GET /v3/businesses/search?radius=100&categories=restaurants&latitude=45.537698&term=Caf%C3%A9%2BBois%2BDe%2BBoulogne&longitude=-73.6793517&limit=3 HTTP/1.1" 200 None
DEBUG:urllib3.connectionpool:Starting new HTTPS connection (1): api.yelp.com
DEBUG:urllib3.connectionpool:https://api.yelp.com:443 "GET /v3/businesses/search?radius=100&categories=restaurants&latitude=45.5455046&term=Porto%2BPoulet&longitude=-73.67413979999999&limit=3 HTTP/1.1" 200 None
DEBUG:urllib3.connectionpool:Starting new HTTPS connection (1): api.yelp.com
DEBUG:urllib3.connectionpool:Starting new HTTPS connection (1): api.yelp.com
DEBUG:urllib3.connectionpool:https://api.yelp.com:443 "GET /v3/businesses/search?radius=200&categories=restaurants&latitude=45.5409278&term=Sapori%2BDi%2BNapoli&longitude=-73.6869408&limit=3 HTTP/1.1" 200 None
DEBUG:urllib3.connectionpool:Starting new HTTPS connection (1): api.yelp.com
DEBUG:urllib3.connectionpool:https://api.yelp.com:443 "GET /v3/businesses/sapori-di-napoli-montr%C3%A9al HTTP/1.1" 200 None
DEBUG:urllib3.connectionpool:Starting new HTTPS connection (1): api.yelp.com
DEBUG:urllib3.connectionpool:https://api.yelp.com:443 "GET /v3/businesses/search?radius=200&categories=restaurants&latitude=45.546082&term=Restaurant%2BLe%2BBordelais&longitude=-73.696675&limit=3 HTTP/1.1" 200 None
DEBUG:urllib3.connectionpool:Starting new HTTPS connection (1): api.yelp.com
DEBUG:urllib3.connectionpool:https://api.yelp.com:443 "GET /v3/businesses/le-bordelais-montr%C3%A9al HTTP/1.1" 200 None
DEBUG:urllib3.connectionpool:Starting new HTTPS connection (1): api.yelp.com
DEBUG:urllib3.connectionpool:https://api.yelp.com:443 "GET /v3/businesses/search?radius=200&categories=restaurants&latitude=45.540389&term=Restaurant%2BDima&longitude=-73.6873729&limit=3 HTTP/1.1" 200 None
DEBUG:urllib3.connectionpool:Starting new HTTPS connection (1): api.yelp.com
DEBUG:urllib3.connectionpool:https://api.yelp.com:443 "GET /v3/businesses/restaurant-dima-montr%C3%A9al-2 HTTP/1.1" 200 None
DEBUG:urllib3.connectionpool:Starting new HTTPS connection (1): api.yelp.com
DEBUG:urllib3.connectionpool:https://api.yelp.com:443 "GET /v3/businesses/search?radius=200&categories=restaurants&latitude=45.5412884&term=Restaurant%2BDollara%2BBurger&longitude=-73.6955741&limit=3 HTTP/1.1" 200 None
DEBUG:urllib3.connectionpool:Starting new HTTPS connection (1): api.yelp.com
DEBUG:urllib3.connectionpool:https://api.yelp.com:443 "GET /v3/businesses/search?radius=200&categories=restaurants&latitude=45.5412881&term=Pizzeria%2BGigi&longitude=-73.6954513&limit=3 HTTP/1.1" 200 None
DEBUG:urllib3.connectionpool:Starting new HTTPS connection (1): api.yelp.com
DEBUG:urllib3.connectionpool:https://api.yelp.com:443 "GET /v3/businesses/search?radius=200&categories=restaurants&latitude=45.5404742&term=Boulangerie%2BSeta&longitude=-73.6872491&limit=3 HTTP/1.1" 200 None
DEBUG:urllib3.connectionpool:Starting new HTTPS connection (1): api.yelp.com
DEBUG:urllib3.connectionpool:https://api.yelp.com:443 "GET /v3/businesses/search?radius=200&categories=restaurants&latitude=45.5402203&term=Le%2BDelicieux&longitude=-73.6870809&limit=3 HTTP/1.1" 200 None
DEBUG:urllib3.connectionpool:Starting new HTTPS connection (1): api.yelp.com
DEBUG:urllib3.connectionpool:https://api.yelp.com:443 "GET /v3/businesses/restaurant-dima-montr%C3%A9al-2 HTTP/1.1" 200 None
DEBUG:urllib3.connectionpool:Starting new HTTPS connection (1): api.yelp.com
DEBUG:urllib3.connectionpool:https://api.yelp.com:443 "GET /v3/businesses/search?radius=200&categories=restaurants&latitude=45.5386105&term=Pyj%2BAma%2BPyjama&longitude=-73.69895439999999&limit=3 HTTP/1.1" 200 None
DEBUG:urllib3.connectionpool:Starting new HTTPS connection (1): api.yelp.com
DEBUG:urllib3.connectionpool:https://api.yelp.com:443 "GET /v3/businesses/search?radius=200&categories=restaurants&latitude=45.5368465&term=Kebeh%2BKabab&longitude=-73.6975066&limit=3 HTTP/1.1" 200 None
DEBUG:urllib3.connectionpool:Starting new HTTPS connection (1): api.yelp.com
DEBUG:urllib3.connectionpool:https://api.yelp.com:443 "GET /v3/businesses/search?radius=200&categories=restaurants&latitude=45.5367221&term=Nouille%2BOrientale&longitude=-73.69769459999999&limit=3 HTTP/1.1" 200 None
DEBUG:urllib3.connectionpool:Starting new HTTPS connection (1): api.yelp.com
DEBUG:urllib3.connectionpool:https://api.yelp.com:443 "GET /v3/businesses/search?radius=200&categories=restaurants&latitude=45.5484701&term=Subway&longitude=-73.67173939999999&limit=3 HTTP/1.1" 200 None
DEBUG:urllib3.connectionpool:Starting new HTTPS connection (1): api.yelp.com
DEBUG:urllib3.connectionpool:https://api.yelp.com:443 "GET /v3/businesses/search?radius=200&categories=restaurants&latitude=45.5476482&term=Pizza%2BRoni&longitude=-73.6722099&limit=3 HTTP/1.1" 200 None
DEBUG:urllib3.connectionpool:Starting new HTTPS connection (1): api.yelp.com
DEBUG:urllib3.connectionpool:https://api.yelp.com:443 "GET /v3/businesses/pizza-roni-montr%C3%A9al-2 HTTP/1.1" 200 None
DEBUG:urllib3.connectionpool:Starting new HTTPS connection (1): api.yelp.com
DEBUG:urllib3.connectionpool:https://api.yelp.com:443 "GET /v3/businesses/search?radius=200&categories=restaurants&latitude=45.5380018&term=Restaurant%2BSUBWAY&longitude=-73.679182&limit=3 HTTP/1.1" 200 None
DEBUG:urllib3.connectionpool:Starting new HTTPS connection (1): api.yelp.com
DEBUG:urllib3.connectionpool:https://api.yelp.com:443 "GET /v3/businesses/search?radius=200&categories=restaurants&latitude=45.545412&term=Restaurant%2BFeuilles%2BDe%2BBasilic&longitude=-73.67358279999999&limit=3 HTTP/1.1" 200 None
DEBUG:urllib3.connectionpool:Starting new HTTPS connection (1): api.yelp.com
DEBUG:urllib3.connectionpool:https://api.yelp.com:443 "GET /v3/businesses/search?radius=200&categories=restaurants&latitude=45.5454081&term=Sushi%2B426&longitude=-73.673568&limit=3 HTTP/1.1" 200 None
DEBUG:urllib3.connectionpool:Starting new HTTPS connection (1): api.yelp.com
DEBUG:urllib3.connectionpool:https://api.yelp.com:443 "GET /v3/businesses/search?radius=200&categories=restaurants&latitude=45.5374814&term=Coq%2BLa%2BLa%2BLivraison%2BGrillades&longitude=-73.6780739&limit=3 HTTP/1.1" 200 None
DEBUG:urllib3.connectionpool:Starting new HTTPS connection (1): api.yelp.com
DEBUG:urllib3.connectionpool:https://api.yelp.com:443 "GET /v3/businesses/search?radius=200&categories=restaurants&latitude=45.5503389&term=Restaurant%2BCasa%2BVertoudos&longitude=-73.671255&limit=3 HTTP/1.1" 200 None
DEBUG:urllib3.connectionpool:Starting new HTTPS connection (1): api.yelp.com
DEBUG:urllib3.connectionpool:https://api.yelp.com:443 "GET /v3/businesses/restaurant-casa-vertoudos-montr%C3%A9al-2 HTTP/1.1" 200 None
DEBUG:urllib3.connectionpool:Starting new HTTPS connection (1): api.yelp.com
DEBUG:urllib3.connectionpool:https://api.yelp.com:443 "GET /v3/businesses/search?radius=200&categories=restaurants&latitude=45.54478649999999&term=Restaurant%2BL%27Oeuforie%2BMatinale&longitude=-73.67458189999999&limit=3 HTTP/1.1" 200 None
DEBUG:urllib3.connectionpool:Starting new HTTPS connection (1): api.yelp.com
DEBUG:urllib3.connectionpool:https://api.yelp.com:443 "GET /v3/businesses/search?radius=200&categories=restaurants&latitude=45.537698&term=Caf%C3%A9%2BBois%2BDe%2BBoulogne&longitude=-73.6793517&limit=3 HTTP/1.1" 200 None
DEBUG:urllib3.connectionpool:Starting new HTTPS connection (1): api.yelp.com
DEBUG:urllib3.connectionpool:https://api.yelp.com:443 "GET /v3/businesses/search?radius=200&categories=restaurants&latitude=45.5455046&term=Porto%2BPoulet&longitude=-73.67413979999999&limit=3 HTTP/1.1" 200 None
DEBUG:urllib3.connectionpool:Starting new HTTPS connection (1): api.yelp.com
DEBUG:urllib3.connectionpool:https://api.yelp.com:443 "GET /v3/businesses/porto-poulet-montr%C3%A9al HTTP/1.1" 200 None
DEBUG:urllib3.connectionpool:Starting new HTTPS connection (1): api.yelp.com
DEBUG:urllib3.connectionpool:https://api.yelp.com:443 "GET /v3/businesses/search?radius=200&categories=restaurants&latitude=45.537485&term=Nouilles%2BEt%2BFrites&longitude=-73.6780259&limit=3 HTTP/1.1" 200 None
DEBUG:urllib3.connectionpool:Starting new HTTPS connection (1): api.yelp.com
DEBUG:urllib3.connectionpool:https://api.yelp.com:443 "GET /v3/businesses/search?radius=200&categories=restaurants&latitude=45.5495882&term=Cafe%2BNo%2BProbleme&longitude=-73.67098770000001&limit=3 HTTP/1.1" 200 None
DEBUG:urllib3.connectionpool:Starting new HTTPS connection (1): api.yelp.com
DEBUG:urllib3.connectionpool:https://api.yelp.com:443 "GET /v3/businesses/search?radius=200&categories=restaurants&latitude=45.5495882&term=Montreal%2BPizza%2BBoys&longitude=-73.67098770000001&limit=3 HTTP/1.1" 200 None
DEBUG:urllib3.connectionpool:Starting new HTTPS connection (1): api.yelp.com
DEBUG:urllib3.connectionpool:https://api.yelp.com:443 "GET /v3/businesses/search?radius=200&categories=restaurants&latitude=45.5503462&term=Bar%2BAhuntsic&longitude=-73.6713536&limit=3 HTTP/1.1" 200 None
DEBUG:urllib3.connectionpool:Starting new HTTPS connection (1): api.yelp.com
DEBUG:urllib3.connectionpool:https://api.yelp.com:443 "GET /v3/businesses/search?radius=200&categories=restaurants&latitude=45.5503282&term=Brasserie%2BAhuntsic&longitude=-73.671391&limit=3 HTTP/1.1" 200 None
DEBUG:urllib3.connectionpool:Starting new HTTPS connection (1): api.yelp.com
DEBUG:urllib3.connectionpool:https://api.yelp.com:443 "GET /v3/businesses/search?radius=200&categories=restaurants&latitude=45.53653449999999&term=OCCOQ&longitude=-73.67865549999999&limit=3 HTTP/1.1" 200 None
DEBUG:urllib3.connectionpool:Starting new HTTPS connection (1): api.yelp.com
DEBUG:urllib3.connectionpool:https://api.yelp.com:443 "GET /v3/businesses/search?radius=200&categories=restaurants&latitude=45.5366603&term=McDonald%27s&longitude=-73.7006633&limit=3 HTTP/1.1" 200 None
DEBUG:urllib3.connectionpool:Starting new HTTPS connection (1): api.yelp.com
DEBUG:urllib3.connectionpool:https://api.yelp.com:443 "GET /v3/businesses/mcdonalds-montr%C3%A9al-9 HTTP/1.1" 200 None
DEBUG:urllib3.connectionpool:Starting new HTTPS connection (1): api.yelp.com
DEBUG:urllib3.connectionpool:https://api.yelp.com:443 "GET /v3/businesses/search?radius=200&categories=restaurants&latitude=45.5363271&term=Restaurant%2BSUBWAY&longitude=-73.69814439999999&limit=3 HTTP/1.1" 200 None
DEBUG:urllib3.connectionpool:Starting new HTTPS connection (1): api.yelp.com
DEBUG:urllib3.connectionpool:https://api.yelp.com:443 "GET /v3/businesses/search?radius=200&categories=restaurants&latitude=45.5363541&term=Thai%2BExpress&longitude=-73.7002781&limit=3 HTTP/1.1" 200 None
DEBUG:urllib3.connectionpool:Starting new HTTPS connection (1): api.yelp.com
DEBUG:urllib3.connectionpool:https://api.yelp.com:443 "GET /v3/businesses/tha%C3%AF-express-montr%C3%A9al-11 HTTP/1.1" 200 None
DEBUG:urllib3.connectionpool:Starting new HTTPS connection (1): api.yelp.com
DEBUG:urllib3.connectionpool:https://api.yelp.com:443 "GET /v3/businesses/search?radius=200&categories=restaurants&latitude=45.5363908&term=Kabeh%2BKabab&longitude=-73.69771&limit=3 HTTP/1.1" 200 None
DEBUG:urllib3.connectionpool:Starting new HTTPS connection (1): api.yelp.com
DEBUG:urllib3.connectionpool:https://api.yelp.com:443 "GET /v3/businesses/search?radius=200&categories=restaurants&latitude=45.5362375&term=Double%2BPizza&longitude=-73.698241&limit=3 HTTP/1.1" 200 None
DEBUG:urllib3.connectionpool:Starting new HTTPS connection (1): api.yelp.com
DEBUG:urllib3.connectionpool:https://api.yelp.com:443 "GET /v3/businesses/search?radius=200&categories=restaurants&latitude=45.5372734&term=Do-r%C3%A9-mi&longitude=-73.7008464&limit=3 HTTP/1.1" 200 None
DEBUG:urllib3.connectionpool:Starting new HTTPS connection (1): api.yelp.com
DEBUG:urllib3.connectionpool:https://api.yelp.com:443 "GET /v3/businesses/search?radius=200&categories=restaurants&latitude=45.5297699&term=Mahi%2BExpress&longitude=-73.6807206&limit=3 HTTP/1.1" 200 None
DEBUG:urllib3.connectionpool:Starting new HTTPS connection (1): api.yelp.com
DEBUG:urllib3.connectionpool:https://api.yelp.com:443 "GET /v3/businesses/search?radius=200&categories=restaurants&latitude=45.53727199999999&term=Restaurant%2BLa%2BRose%2BBleue&longitude=-73.67126900000001&limit=3 HTTP/1.1" 200 None
DEBUG:urllib3.connectionpool:Starting new HTTPS connection (1): api.yelp.com
DEBUG:urllib3.connectionpool:https://api.yelp.com:443 "GET /v3/businesses/search?radius=200&categories=restaurants&latitude=45.5331449&term=Grotte%2BDe%2BLa%2BMer%2BInc%2B%28La%29&longitude=-73.6704219&limit=3 HTTP/1.1" 200 None
DEBUG:urllib3.connectionpool:Starting new HTTPS connection (1): api.yelp.com
DEBUG:urllib3.connectionpool:https://api.yelp.com:443 "GET /v3/businesses/search?radius=200&categories=restaurants&latitude=45.5436894&term=Rino%2BPizzeria%2BLtee&longitude=-73.66751459999999&limit=3 HTTP/1.1" 200 None
DEBUG:urllib3.connectionpool:Starting new HTTPS connection (1): api.yelp.com
DEBUG:urllib3.connectionpool:https://api.yelp.com:443 "GET /v3/businesses/search?radius=200&categories=restaurants&latitude=45.5470555&term=Le%2BSt-Urbain&longitude=-73.6656118&limit=3 HTTP/1.1" 200 None
DEBUG:urllib3.connectionpool:Starting new HTTPS connection (1): api.yelp.com
DEBUG:urllib3.connectionpool:https://api.yelp.com:443 "GET /v3/businesses/le-st-urbain-montr%C3%A9al-2 HTTP/1.1" 200 None
DEBUG:urllib3.connectionpool:Starting new HTTPS connection (1): api.yelp.com
DEBUG:urllib3.connectionpool:https://api.yelp.com:443 "GET /v3/businesses/search?radius=200&categories=restaurants&latitude=45.5457577&term=Les%2BCavistes%2B%7C%2BBistro%2BBar%2B%C3%A0%2Bvin%2BBoutique&longitude=-73.6662991&limit=3 HTTP/1.1" 200 None
DEBUG:urllib3.connectionpool:Starting new HTTPS connection (1): api.yelp.com
DEBUG:urllib3.connectionpool:https://api.yelp.com:443 "GET /v3/businesses/search?radius=200&categories=restaurants&latitude=45.5463878&term=Domino%27s%2BPizza&longitude=-73.6573353&limit=3 HTTP/1.1" 200 None
DEBUG:urllib3.connectionpool:Starting new HTTPS connection (1): api.yelp.com
DEBUG:urllib3.connectionpool:https://api.yelp.com:443 "GET /v3/businesses/search?radius=200&categories=restaurants&latitude=45.5467474&term=La%2BB%C3%AAte%2BA%2BPain&longitude=-73.665539&limit=3 HTTP/1.1" 200 None
DEBUG:urllib3.connectionpool:Starting new HTTPS connection (1): api.yelp.com
DEBUG:urllib3.connectionpool:https://api.yelp.com:443 "GET /v3/businesses/le-st-urbain-montr%C3%A9al-2 HTTP/1.1" 200 None
DEBUG:urllib3.connectionpool:Starting new HTTPS connection (1): api.yelp.com
DEBUG:urllib3.connectionpool:https://api.yelp.com:443 "GET /v3/businesses/search?radius=200&categories=restaurants&latitude=45.5473974&term=Chocolaterie%2BBonneau%2C%2Bchocolaterie%2C%2Bp%C3%A2tisserie%2C%2Bcr%C3%AAperie%2B%C3%A0%2BMontr%C3%A9al&longitude=-73.66572620000001&limit=3 HTTP/1.1" 200 None
DEBUG:urllib3.connectionpool:Starting new HTTPS connection (1): api.yelp.com
DEBUG:urllib3.connectionpool:https://api.yelp.com:443 "GET /v3/businesses/search?radius=200&categories=restaurants&latitude=45.546679&term=Double%2BPizza&longitude=-73.659577&limit=3 HTTP/1.1" 200 None
DEBUG:urllib3.connectionpool:Starting new HTTPS connection (1): api.yelp.com
DEBUG:urllib3.connectionpool:https://api.yelp.com:443 "GET /v3/businesses/double-pizza-montr%C3%A9al-13 HTTP/1.1" 200 None
DEBUG:urllib3.connectionpool:Starting new HTTPS connection (1): api.yelp.com
DEBUG:urllib3.connectionpool:https://api.yelp.com:443 "GET /v3/businesses/search?radius=200&categories=restaurants&latitude=45.5466408&term=Frite%2BAlors%2BFleury&longitude=-73.66600269999999&limit=3 HTTP/1.1" 200 None
DEBUG:urllib3.connectionpool:Starting new HTTPS connection (1): api.yelp.com
DEBUG:urllib3.connectionpool:https://api.yelp.com:443 "GET /v3/businesses/frites-alors-montr%C3%A9al-5 HTTP/1.1" 200 None
DEBUG:urllib3.connectionpool:Starting new HTTPS connection (1): api.yelp.com
DEBUG:urllib3.connectionpool:https://api.yelp.com:443 "GET /v3/businesses/search?radius=200&categories=restaurants&latitude=45.54402449999999&term=Flammkoeur&longitude=-73.6677366&limit=3 HTTP/1.1" 200 None
DEBUG:urllib3.connectionpool:Starting new HTTPS connection (1): api.yelp.com
DEBUG:urllib3.connectionpool:https://api.yelp.com:443 "GET /v3/businesses/flammkoeur-et-parigot-montr%C3%A9al-2 HTTP/1.1" 200 None
DEBUG:urllib3.connectionpool:Starting new HTTPS connection (1): api.yelp.com
DEBUG:urllib3.connectionpool:https://api.yelp.com:443 "GET /v3/businesses/search?radius=200&categories=restaurants&latitude=45.5436447&term=Caf%C3%A9%2BBar%2BEva&longitude=-73.6680243&limit=3 HTTP/1.1" 200 None
DEBUG:urllib3.connectionpool:Starting new HTTPS connection (1): api.yelp.com
DEBUG:urllib3.connectionpool:https://api.yelp.com:443 "GET /v3/businesses/caf%C3%A9-bar-eva-montr%C3%A9al HTTP/1.1" 200 None
DEBUG:urllib3.connectionpool:Starting new HTTPS connection (1): api.yelp.com
DEBUG:urllib3.connectionpool:https://api.yelp.com:443 "GET /v3/businesses/search?radius=200&categories=restaurants&latitude=45.5466802&term=Madre%2BSur%2BFleury&longitude=-73.6658532&limit=3 HTTP/1.1" 200 None
DEBUG:urllib3.connectionpool:Starting new HTTPS connection (1): api.yelp.com
DEBUG:urllib3.connectionpool:https://api.yelp.com:443 "GET /v3/businesses/search?radius=200&categories=restaurants&latitude=45.542564&term=L%27Artizan%2Bpizza&longitude=-73.668334&limit=3 HTTP/1.1" 200 None
DEBUG:urllib3.connectionpool:Starting new HTTPS connection (1): api.yelp.com
DEBUG:urllib3.connectionpool:https://api.yelp.com:443 "GET /v3/businesses/l-artizan-pizza-montr%C3%A9al-3 HTTP/1.1" 200 None
DEBUG:urllib3.connectionpool:Starting new HTTPS connection (1): api.yelp.com
DEBUG:urllib3.connectionpool:https://api.yelp.com:443 "GET /v3/businesses/search?radius=200&categories=restaurants&latitude=45.54812920000001&term=Sushi%2B426%2B%28Fleury%29&longitude=-73.6652663&limit=3 HTTP/1.1" 200 None
DEBUG:urllib3.connectionpool:Starting new HTTPS connection (1): api.yelp.com
DEBUG:urllib3.connectionpool:https://api.yelp.com:443 "GET /v3/businesses/search?radius=200&categories=restaurants&latitude=45.5460511&term=Restaurant%2BSUBWAY&longitude=-73.65784459999999&limit=3 HTTP/1.1" 200 None
DEBUG:urllib3.connectionpool:Starting new HTTPS connection (1): api.yelp.com
DEBUG:urllib3.connectionpool:https://api.yelp.com:443 "GET /v3/businesses/search?radius=200&categories=restaurants&latitude=45.546456&term=Sushi%2BNobori&longitude=-73.65752599999999&limit=3 HTTP/1.1" 200 None
DEBUG:urllib3.connectionpool:Starting new HTTPS connection (1): api.yelp.com
DEBUG:urllib3.connectionpool:https://api.yelp.com:443 "GET /v3/businesses/nobori-sushi-montr%C3%A9al HTTP/1.1" 200 None
DEBUG:urllib3.connectionpool:Starting new HTTPS connection (1): api.yelp.com
DEBUG:urllib3.connectionpool:https://api.yelp.com:443 "GET /v3/businesses/search?radius=200&categories=restaurants&latitude=45.5534116&term=Club%2BSocial%2BArgentino%2Bde%2BMontr%C3%A9al&longitude=-73.6694802&limit=3 HTTP/1.1" 200 None
DEBUG:urllib3.connectionpool:Starting new HTTPS connection (1): api.yelp.com
DEBUG:urllib3.connectionpool:https://api.yelp.com:443 "GET /v3/businesses/search?radius=200&categories=restaurants&latitude=45.554058&term=Sushi%2BJapango&longitude=-73.6691706&limit=3 HTTP/1.1" 200 None
DEBUG:urllib3.connectionpool:Starting new HTTPS connection (1): api.yelp.com
DEBUG:urllib3.connectionpool:https://api.yelp.com:443 "GET /v3/businesses/sushi-japango-montr%C3%A9al-2 HTTP/1.1" 200 None
DEBUG:urllib3.connectionpool:Starting new HTTPS connection (1): api.yelp.com
DEBUG:urllib3.connectionpool:https://api.yelp.com:443 "GET /v3/businesses/search?radius=200&categories=restaurants&latitude=45.5476642&term=Cultures&longitude=-73.6568605&limit=3 HTTP/1.1" 200 None
DEBUG:urllib3.connectionpool:Starting new HTTPS connection (1): api.yelp.com
DEBUG:urllib3.connectionpool:https://api.yelp.com:443 "GET /v3/businesses/search?radius=200&categories=restaurants&latitude=45.547824&term=Il%2BTavolino&longitude=-73.66113&limit=3 HTTP/1.1" 200 None
DEBUG:urllib3.connectionpool:Starting new HTTPS connection (1): api.yelp.com
DEBUG:urllib3.connectionpool:https://api.yelp.com:443 "GET /v3/businesses/search?radius=200&categories=restaurants&latitude=45.5407148&term=Centre%2Bde%2BService%2BPort%2BRoyal&longitude=-73.6602791&limit=3 HTTP/1.1" 200 None
DEBUG:urllib3.connectionpool:Starting new HTTPS connection (1): api.yelp.com
DEBUG:urllib3.connectionpool:https://api.yelp.com:443 "GET /v3/businesses/search?radius=200&categories=restaurants&latitude=45.5425639&term=Lartizanpizza&longitude=-73.6683684&limit=3 HTTP/1.1" 200 None
DEBUG:urllib3.connectionpool:Starting new HTTPS connection (1): api.yelp.com
DEBUG:urllib3.connectionpool:https://api.yelp.com:443 "GET /v3/businesses/search?radius=200&categories=restaurants&latitude=45.5485411&term=Aliments%2BAkadi&longitude=-73.6653595&limit=3 HTTP/1.1" 200 None
DEBUG:urllib3.connectionpool:Starting new HTTPS connection (1): api.yelp.com
DEBUG:urllib3.connectionpool:https://api.yelp.com:443 "GET /v3/businesses/search?radius=200&categories=restaurants&latitude=45.5469526&term=Restaurant%2BCara%C3%AFbee&longitude=-73.6603321&limit=3 HTTP/1.1" 200 None
DEBUG:urllib3.connectionpool:Starting new HTTPS connection (1): api.yelp.com
DEBUG:urllib3.connectionpool:https://api.yelp.com:443 "GET /v3/businesses/search?radius=200&categories=restaurants&latitude=45.5467229&term=Marabou&longitude=-73.6595463&limit=3 HTTP/1.1" 200 None
DEBUG:urllib3.connectionpool:Starting new HTTPS connection (1): api.yelp.com
DEBUG:urllib3.connectionpool:https://api.yelp.com:443 "GET /v3/businesses/marabou-cr%C3%A9ole-montr%C3%A9al HTTP/1.1" 200 None
DEBUG:urllib3.connectionpool:Starting new HTTPS connection (1): api.yelp.com
DEBUG:urllib3.connectionpool:https://api.yelp.com:443 "GET /v3/businesses/search?radius=200&categories=restaurants&latitude=45.5518846&term=Chef%2BMak&longitude=-73.6702796&limit=3 HTTP/1.1" 200 None
DEBUG:urllib3.connectionpool:Starting new HTTPS connection (1): api.yelp.com
DEBUG:urllib3.connectionpool:https://api.yelp.com:443 "GET /v3/businesses/chef-mak-montr%C3%A9al HTTP/1.1" 200 None
DEBUG:urllib3.connectionpool:Starting new HTTPS connection (1): api.yelp.com
DEBUG:urllib3.connectionpool:https://api.yelp.com:443 "GET /v3/businesses/search?radius=200&categories=restaurants&latitude=45.5534063&term=Au%2BParasol%2BChinois&longitude=-73.6694844&limit=3 HTTP/1.1" 200 None
DEBUG:urllib3.connectionpool:Starting new HTTPS connection (1): api.yelp.com
DEBUG:urllib3.connectionpool:https://api.yelp.com:443 "GET /v3/businesses/search?radius=200&categories=restaurants&latitude=45.5534157&term=Bistro%2BLa%2BR%C3%A9f%C3%A9rence&longitude=-73.6694845&limit=3 HTTP/1.1" 200 None
DEBUG:urllib3.connectionpool:Starting new HTTPS connection (1): api.yelp.com
DEBUG:urllib3.connectionpool:https://api.yelp.com:443 "GET /v3/businesses/search?radius=200&categories=restaurants&latitude=45.53896049999999&term=Restaurant%2BPizza%2BMeilleur&longitude=-73.660029&limit=3 HTTP/1.1" 200 None
DEBUG:urllib3.connectionpool:Starting new HTTPS connection (1): api.yelp.com
DEBUG:urllib3.connectionpool:https://api.yelp.com:443 "GET /v3/businesses/search?radius=200&categories=restaurants&latitude=45.5541374&term=Bagel%2BHenri-Bourassa&longitude=-73.6691049&limit=3 HTTP/1.1" 200 None
DEBUG:urllib3.connectionpool:Starting new HTTPS connection (1): api.yelp.com
DEBUG:urllib3.connectionpool:https://api.yelp.com:443 "GET /v3/businesses/search?radius=200&categories=restaurants&latitude=45.545074&term=Le%2BLucie&longitude=-73.666726&limit=3 HTTP/1.1" 200 None
DEBUG:urllib3.connectionpool:Starting new HTTPS connection (1): api.yelp.com
DEBUG:urllib3.connectionpool:https://api.yelp.com:443 "GET /v3/businesses/search?radius=200&categories=restaurants&latitude=45.53805929999999&term=Subway&longitude=-73.6545867&limit=3 HTTP/1.1" 200 None
DEBUG:urllib3.connectionpool:Starting new HTTPS connection (1): api.yelp.com
DEBUG:urllib3.connectionpool:https://api.yelp.com:443 "GET /v3/businesses/search?radius=200&categories=restaurants&latitude=45.5408135&term=Restaurant%2BPasta%2BBar&longitude=-73.6529942&limit=3 HTTP/1.1" 200 None
DEBUG:urllib3.connectionpool:Starting new HTTPS connection (1): api.yelp.com
DEBUG:urllib3.connectionpool:https://api.yelp.com:443 "GET /v3/businesses/restaurant-pasta-bar-montr%C3%A9al-2 HTTP/1.1" 200 None
DEBUG:urllib3.connectionpool:Starting new HTTPS connection (1): api.yelp.com
DEBUG:urllib3.connectionpool:https://api.yelp.com:443 "GET /v3/businesses/search?radius=200&categories=restaurants&latitude=45.53836380000001&term=Cafe%2BGentile&longitude=-73.6544177&limit=3 HTTP/1.1" 200 None
DEBUG:urllib3.connectionpool:Starting new HTTPS connection (1): api.yelp.com
DEBUG:urllib3.connectionpool:https://api.yelp.com:443 "GET /v3/businesses/caf%C3%A9-gentile-montr%C3%A9al HTTP/1.1" 200 None
DEBUG:urllib3.connectionpool:Starting new HTTPS connection (1): api.yelp.com
DEBUG:urllib3.connectionpool:https://api.yelp.com:443 "GET /v3/businesses/search?radius=200&categories=restaurants&latitude=45.5502738&term=Martini%2BPizzeria&longitude=-73.6509638&limit=3 HTTP/1.1" 200 None
DEBUG:urllib3.connectionpool:Starting new HTTPS connection (1): api.yelp.com
DEBUG:urllib3.connectionpool:https://api.yelp.com:443 "GET /v3/businesses/martini-pizzeria-montr%C3%A9al-2 HTTP/1.1" 200 None
DEBUG:urllib3.connectionpool:Starting new HTTPS connection (1): api.yelp.com
DEBUG:urllib3.connectionpool:https://api.yelp.com:443 "GET /v3/businesses/search?radius=200&categories=restaurants&latitude=45.53897000000001&term=La%2BPrep&longitude=-73.65470499999999&limit=3 HTTP/1.1" 200 None
DEBUG:urllib3.connectionpool:Starting new HTTPS connection (1): api.yelp.com
DEBUG:urllib3.connectionpool:https://api.yelp.com:443 "GET /v3/businesses/la-prep-montr%C3%A9al-32 HTTP/1.1" 200 None
DEBUG:urllib3.connectionpool:Starting new HTTPS connection (1): api.yelp.com
DEBUG:urllib3.connectionpool:https://api.yelp.com:443 "GET /v3/businesses/search?radius=200&categories=restaurants&latitude=45.5402679&term=Bienville%2BSur%2BChabanal&longitude=-73.6538029&limit=3 HTTP/1.1" 200 None
DEBUG:urllib3.connectionpool:Starting new HTTPS connection (1): api.yelp.com
DEBUG:urllib3.connectionpool:https://api.yelp.com:443 "GET /v3/businesses/search?radius=200&categories=restaurants&latitude=45.53979469999999&term=Tha%C3%AF%2BCity&longitude=-73.6536102&limit=3 HTTP/1.1" 200 None
DEBUG:urllib3.connectionpool:Starting new HTTPS connection (1): api.yelp.com
DEBUG:urllib3.connectionpool:https://api.yelp.com:443 "GET /v3/businesses/search?radius=200&categories=restaurants&latitude=45.5443237&term=Cheong%2BWing%2BIntl&longitude=-73.6518417&limit=3 HTTP/1.1" 200 None
DEBUG:urllib3.connectionpool:Starting new HTTPS connection (1): api.yelp.com
DEBUG:urllib3.connectionpool:https://api.yelp.com:443 "GET /v3/businesses/search?radius=200&categories=restaurants&latitude=45.5448011&term=Pho%2B99%2BChabanel&longitude=-73.65171409999999&limit=3 HTTP/1.1" 200 None
DEBUG:urllib3.connectionpool:Starting new HTTPS connection (1): api.yelp.com
DEBUG:urllib3.connectionpool:https://api.yelp.com:443 "GET /v3/businesses/pho-99-chabanel-montr%C3%A9al HTTP/1.1" 200 None
DEBUG:urllib3.connectionpool:Starting new HTTPS connection (1): api.yelp.com
DEBUG:urllib3.connectionpool:https://api.yelp.com:443 "GET /v3/businesses/search?radius=200&categories=restaurants&latitude=45.540184&term=L%27Oeufrier%2BChabanel&longitude=-73.6538391&limit=3 HTTP/1.1" 200 None
DEBUG:urllib3.connectionpool:Starting new HTTPS connection (1): api.yelp.com
DEBUG:urllib3.connectionpool:https://api.yelp.com:443 "GET /v3/businesses/l-oeufrier-montr%C3%A9al-6 HTTP/1.1" 200 None
DEBUG:urllib3.connectionpool:Starting new HTTPS connection (1): api.yelp.com
DEBUG:urllib3.connectionpool:https://api.yelp.com:443 "GET /v3/businesses/search?radius=200&categories=restaurants&latitude=45.5382506&term=Comme%2BLes%2BCopains%2BBy%2BArmand%27Au&longitude=-73.65582330000001&limit=3 HTTP/1.1" 200 None
DEBUG:urllib3.connectionpool:Starting new HTTPS connection (1): api.yelp.com
DEBUG:urllib3.connectionpool:https://api.yelp.com:443 "GET /v3/businesses/search?radius=200&categories=restaurants&latitude=45.53880789999999&term=Parking&longitude=-73.65452549999999&limit=3 HTTP/1.1" 200 None
DEBUG:urllib3.connectionpool:Starting new HTTPS connection (1): api.yelp.com
DEBUG:urllib3.connectionpool:Starting new HTTPS connection (1): api.yelp.com
DEBUG:urllib3.connectionpool:https://api.yelp.com:443 "GET /v3/businesses/search?limit=3&categories=restaurants&latitude=45.5409278&longitude=-73.6869408&term=Sapori%2BDi%2BNapoli&radius=200 HTTP/1.1" 401 100
DEBUG:urllib3.connectionpool:Starting new HTTPS connection (1): api.yelp.com
DEBUG:urllib3.connectionpool:https://api.yelp.com:443 "GET /v3/businesses/search?limit=3&categories=restaurants&latitude=45.546082&longitude=-73.696675&term=Restaurant%2BLe%2BBordelais&radius=200 HTTP/1.1" 401 100
DEBUG:urllib3.connectionpool:Starting new HTTPS connection (1): api.yelp.com
DEBUG:urllib3.connectionpool:https://api.yelp.com:443 "GET /v3/businesses/search?limit=3&categories=restaurants&latitude=45.540389&longitude=-73.6873729&term=Restaurant%2BDima&radius=200 HTTP/1.1" 401 100
DEBUG:urllib3.connectionpool:Starting new HTTPS connection (1): api.yelp.com
DEBUG:urllib3.connectionpool:https://api.yelp.com:443 "GET /v3/businesses/search?limit=3&categories=restaurants&latitude=45.5412884&longitude=-73.6955741&term=Restaurant%2BDollara%2BBurger&radius=200 HTTP/1.1" 401 100
DEBUG:urllib3.connectionpool:Starting new HTTPS connection (1): api.yelp.com
DEBUG:urllib3.connectionpool:https://api.yelp.com:443 "GET /v3/businesses/search?limit=3&categories=restaurants&latitude=45.5412881&longitude=-73.6954513&term=Pizzeria%2BGigi&radius=200 HTTP/1.1" 401 100
DEBUG:urllib3.connectionpool:Starting new HTTPS connection (1): api.yelp.com
DEBUG:urllib3.connectionpool:https://api.yelp.com:443 "GET /v3/businesses/search?limit=3&categories=restaurants&latitude=45.5404742&longitude=-73.6872491&term=Boulangerie%2BSeta&radius=200 HTTP/1.1" 401 100
DEBUG:urllib3.connectionpool:Starting new HTTPS connection (1): api.yelp.com
DEBUG:urllib3.connectionpool:https://api.yelp.com:443 "GET /v3/businesses/search?limit=3&categories=restaurants&latitude=45.5402203&longitude=-73.6870809&term=Le%2BDelicieux&radius=200 HTTP/1.1" 401 100
DEBUG:urllib3.connectionpool:Starting new HTTPS connection (1): api.yelp.com
DEBUG:urllib3.connectionpool:https://api.yelp.com:443 "GET /v3/businesses/search?limit=3&categories=restaurants&latitude=45.5386105&longitude=-73.69895439999999&term=Pyj%2BAma%2BPyjama&radius=200 HTTP/1.1" 401 100
DEBUG:urllib3.connectionpool:Starting new HTTPS connection (1): api.yelp.com
DEBUG:urllib3.connectionpool:https://api.yelp.com:443 "GET /v3/businesses/search?limit=3&categories=restaurants&latitude=45.5368465&longitude=-73.6975066&term=Kebeh%2BKabab&radius=200 HTTP/1.1" 401 100
DEBUG:urllib3.connectionpool:Starting new HTTPS connection (1): api.yelp.com
DEBUG:urllib3.connectionpool:https://api.yelp.com:443 "GET /v3/businesses/search?limit=3&categories=restaurants&latitude=45.5367221&longitude=-73.69769459999999&term=Nouille%2BOrientale&radius=200 HTTP/1.1" 401 100
DEBUG:urllib3.connectionpool:Starting new HTTPS connection (1): api.yelp.com
DEBUG:urllib3.connectionpool:https://api.yelp.com:443 "GET /v3/businesses/search?limit=3&categories=restaurants&latitude=45.5484701&longitude=-73.67173939999999&term=Subway&radius=200 HTTP/1.1" 401 100
DEBUG:urllib3.connectionpool:Starting new HTTPS connection (1): api.yelp.com
DEBUG:urllib3.connectionpool:https://api.yelp.com:443 "GET /v3/businesses/search?limit=3&categories=restaurants&latitude=45.5476482&longitude=-73.6722099&term=Pizza%2BRoni&radius=200 HTTP/1.1" 401 100
DEBUG:urllib3.connectionpool:Starting new HTTPS connection (1): api.yelp.com
DEBUG:urllib3.connectionpool:https://api.yelp.com:443 "GET /v3/businesses/search?limit=3&categories=restaurants&latitude=45.5380018&longitude=-73.679182&term=Restaurant%2BSUBWAY&radius=200 HTTP/1.1" 401 100
DEBUG:urllib3.connectionpool:Starting new HTTPS connection (1): api.yelp.com
DEBUG:urllib3.connectionpool:https://api.yelp.com:443 "GET /v3/businesses/search?limit=3&categories=restaurants&latitude=45.545412&longitude=-73.67358279999999&term=Restaurant%2BFeuilles%2BDe%2BBasilic&radius=200 HTTP/1.1" 401 100
DEBUG:urllib3.connectionpool:Starting new HTTPS connection (1): api.yelp.com
DEBUG:urllib3.connectionpool:https://api.yelp.com:443 "GET /v3/businesses/search?limit=3&categories=restaurants&latitude=45.5454081&longitude=-73.673568&term=Sushi%2B426&radius=200 HTTP/1.1" 401 100
DEBUG:urllib3.connectionpool:Starting new HTTPS connection (1): api.yelp.com
DEBUG:urllib3.connectionpool:https://api.yelp.com:443 "GET /v3/businesses/search?limit=3&categories=restaurants&latitude=45.5374814&longitude=-73.6780739&term=Coq%2BLa%2BLa%2BLivraison%2BGrillades&radius=200 HTTP/1.1" 401 100
DEBUG:urllib3.connectionpool:Starting new HTTPS connection (1): api.yelp.com
DEBUG:urllib3.connectionpool:https://api.yelp.com:443 "GET /v3/businesses/search?limit=3&categories=restaurants&latitude=45.5503389&longitude=-73.671255&term=Restaurant%2BCasa%2BVertoudos&radius=200 HTTP/1.1" 401 100
DEBUG:urllib3.connectionpool:Starting new HTTPS connection (1): api.yelp.com
DEBUG:urllib3.connectionpool:https://api.yelp.com:443 "GET /v3/businesses/search?limit=3&categories=restaurants&latitude=45.54478649999999&longitude=-73.67458189999999&term=Restaurant%2BL%27Oeuforie%2BMatinale&radius=200 HTTP/1.1" 401 100
DEBUG:urllib3.connectionpool:Starting new HTTPS connection (1): api.yelp.com
DEBUG:urllib3.connectionpool:https://api.yelp.com:443 "GET /v3/businesses/search?limit=3&categories=restaurants&latitude=45.537698&longitude=-73.6793517&term=Caf%C3%A9%2BBois%2BDe%2BBoulogne&radius=200 HTTP/1.1" 401 100
DEBUG:urllib3.connectionpool:Starting new HTTPS connection (1): api.yelp.com
DEBUG:urllib3.connectionpool:https://api.yelp.com:443 "GET /v3/businesses/search?limit=3&categories=restaurants&latitude=45.5455046&longitude=-73.67413979999999&term=Porto%2BPoulet&radius=200 HTTP/1.1" 401 100
DEBUG:urllib3.connectionpool:Starting new HTTPS connection (1): api.yelp.com
DEBUG:urllib3.connectionpool:https://api.yelp.com:443 "GET /v3/businesses/search?limit=3&categories=restaurants&latitude=45.537485&longitude=-73.6780259&term=Nouilles%2BEt%2BFrites&radius=200 HTTP/1.1" 401 100
DEBUG:urllib3.connectionpool:Starting new HTTPS connection (1): api.yelp.com
DEBUG:urllib3.connectionpool:https://api.yelp.com:443 "GET /v3/businesses/search?limit=3&categories=restaurants&latitude=45.5495882&longitude=-73.67098770000001&term=Cafe%2BNo%2BProbleme&radius=200 HTTP/1.1" 401 100
DEBUG:urllib3.connectionpool:Starting new HTTPS connection (1): api.yelp.com
DEBUG:urllib3.connectionpool:https://api.yelp.com:443 "GET /v3/businesses/search?limit=3&categories=restaurants&latitude=45.5495882&longitude=-73.67098770000001&term=Montreal%2BPizza%2BBoys&radius=200 HTTP/1.1" 401 100
DEBUG:urllib3.connectionpool:Starting new HTTPS connection (1): api.yelp.com
DEBUG:urllib3.connectionpool:https://api.yelp.com:443 "GET /v3/businesses/search?limit=3&categories=restaurants&latitude=45.5503462&longitude=-73.6713536&term=Bar%2BAhuntsic&radius=200 HTTP/1.1" 401 100
DEBUG:urllib3.connectionpool:Starting new HTTPS connection (1): api.yelp.com
DEBUG:urllib3.connectionpool:https://api.yelp.com:443 "GET /v3/businesses/search?limit=3&categories=restaurants&latitude=45.5503282&longitude=-73.671391&term=Brasserie%2BAhuntsic&radius=200 HTTP/1.1" 401 100
DEBUG:urllib3.connectionpool:Starting new HTTPS connection (1): api.yelp.com
DEBUG:urllib3.connectionpool:https://api.yelp.com:443 "GET /v3/businesses/search?limit=3&categories=restaurants&latitude=45.53653449999999&longitude=-73.67865549999999&term=OCCOQ&radius=200 HTTP/1.1" 401 100
DEBUG:urllib3.connectionpool:Starting new HTTPS connection (1): api.yelp.com
DEBUG:urllib3.connectionpool:https://api.yelp.com:443 "GET /v3/businesses/search?limit=3&categories=restaurants&latitude=45.5366603&longitude=-73.7006633&term=McDonald%27s&radius=200 HTTP/1.1" 401 100
DEBUG:urllib3.connectionpool:Starting new HTTPS connection (1): api.yelp.com
DEBUG:urllib3.connectionpool:https://api.yelp.com:443 "GET /v3/businesses/search?limit=3&categories=restaurants&latitude=45.5363271&longitude=-73.69814439999999&term=Restaurant%2BSUBWAY&radius=200 HTTP/1.1" 401 100
DEBUG:urllib3.connectionpool:Starting new HTTPS connection (1): api.yelp.com
DEBUG:urllib3.connectionpool:https://api.yelp.com:443 "GET /v3/businesses/search?limit=3&categories=restaurants&latitude=45.5363541&longitude=-73.7002781&term=Thai%2BExpress&radius=200 HTTP/1.1" 401 100
DEBUG:urllib3.connectionpool:Starting new HTTPS connection (1): api.yelp.com
DEBUG:urllib3.connectionpool:https://api.yelp.com:443 "GET /v3/businesses/search?limit=3&categories=restaurants&latitude=45.5363908&longitude=-73.69771&term=Kabeh%2BKabab&radius=200 HTTP/1.1" 401 100
DEBUG:urllib3.connectionpool:Starting new HTTPS connection (1): api.yelp.com
DEBUG:urllib3.connectionpool:https://api.yelp.com:443 "GET /v3/businesses/search?limit=3&categories=restaurants&latitude=45.5362375&longitude=-73.698241&term=Double%2BPizza&radius=200 HTTP/1.1" 401 100
DEBUG:urllib3.connectionpool:Starting new HTTPS connection (1): api.yelp.com
DEBUG:urllib3.connectionpool:https://api.yelp.com:443 "GET /v3/businesses/search?limit=3&categories=restaurants&latitude=45.5372734&longitude=-73.7008464&term=Do-r%C3%A9-mi&radius=200 HTTP/1.1" 401 100
DEBUG:urllib3.connectionpool:Starting new HTTPS connection (1): api.yelp.com
DEBUG:urllib3.connectionpool:https://api.yelp.com:443 "GET /v3/businesses/search?limit=3&categories=restaurants&latitude=45.5297699&longitude=-73.6807206&term=Mahi%2BExpress&radius=200 HTTP/1.1" 401 100
DEBUG:urllib3.connectionpool:Starting new HTTPS connection (1): api.yelp.com
DEBUG:urllib3.connectionpool:https://api.yelp.com:443 "GET /v3/businesses/search?limit=3&categories=restaurants&latitude=45.53727199999999&longitude=-73.67126900000001&term=Restaurant%2BLa%2BRose%2BBleue&radius=200 HTTP/1.1" 401 100
DEBUG:urllib3.connectionpool:Starting new HTTPS connection (1): api.yelp.com
DEBUG:urllib3.connectionpool:https://api.yelp.com:443 "GET /v3/businesses/search?limit=3&categories=restaurants&latitude=45.5331449&longitude=-73.6704219&term=Grotte%2BDe%2BLa%2BMer%2BInc%2B%28La%29&radius=200 HTTP/1.1" 401 100
DEBUG:urllib3.connectionpool:Starting new HTTPS connection (1): api.yelp.com
DEBUG:urllib3.connectionpool:https://api.yelp.com:443 "GET /v3/businesses/search?limit=3&categories=restaurants&latitude=45.5436894&longitude=-73.66751459999999&term=Rino%2BPizzeria%2BLtee&radius=200 HTTP/1.1" 401 100
DEBUG:urllib3.connectionpool:Starting new HTTPS connection (1): api.yelp.com
DEBUG:urllib3.connectionpool:https://api.yelp.com:443 "GET /v3/businesses/search?limit=3&categories=restaurants&latitude=45.5470555&longitude=-73.6656118&term=Le%2BSt-Urbain&radius=200 HTTP/1.1" 401 100
DEBUG:urllib3.connectionpool:Starting new HTTPS connection (1): api.yelp.com
DEBUG:urllib3.connectionpool:https://api.yelp.com:443 "GET /v3/businesses/search?limit=3&categories=restaurants&latitude=45.5457577&longitude=-73.6662991&term=Les%2BCavistes%2B%7C%2BBistro%2BBar%2B%C3%A0%2Bvin%2BBoutique&radius=200 HTTP/1.1" 401 100
DEBUG:urllib3.connectionpool:Starting new HTTPS connection (1): api.yelp.com
DEBUG:urllib3.connectionpool:https://api.yelp.com:443 "GET /v3/businesses/search?limit=3&categories=restaurants&latitude=45.5463878&longitude=-73.6573353&term=Domino%27s%2BPizza&radius=200 HTTP/1.1" 401 100
DEBUG:urllib3.connectionpool:Starting new HTTPS connection (1): api.yelp.com
DEBUG:urllib3.connectionpool:https://api.yelp.com:443 "GET /v3/businesses/search?limit=3&categories=restaurants&latitude=45.5467474&longitude=-73.665539&term=La%2BB%C3%AAte%2BA%2BPain&radius=200 HTTP/1.1" 401 100
DEBUG:urllib3.connectionpool:Starting new HTTPS connection (1): api.yelp.com
DEBUG:urllib3.connectionpool:https://api.yelp.com:443 "GET /v3/businesses/search?limit=3&categories=restaurants&latitude=45.5473974&longitude=-73.66572620000001&term=Chocolaterie%2BBonneau%2C%2Bchocolaterie%2C%2Bp%C3%A2tisserie%2C%2Bcr%C3%AAperie%2B%C3%A0%2BMontr%C3%A9al&radius=200 HTTP/1.1" 401 100
DEBUG:urllib3.connectionpool:Starting new HTTPS connection (1): api.yelp.com
DEBUG:urllib3.connectionpool:https://api.yelp.com:443 "GET /v3/businesses/search?limit=3&categories=restaurants&latitude=45.546679&longitude=-73.659577&term=Double%2BPizza&radius=200 HTTP/1.1" 401 100
DEBUG:urllib3.connectionpool:Starting new HTTPS connection (1): api.yelp.com
DEBUG:urllib3.connectionpool:https://api.yelp.com:443 "GET /v3/businesses/search?limit=3&categories=restaurants&latitude=45.5466408&longitude=-73.66600269999999&term=Frite%2BAlors%2BFleury&radius=200 HTTP/1.1" 401 100
DEBUG:urllib3.connectionpool:Starting new HTTPS connection (1): api.yelp.com
DEBUG:urllib3.connectionpool:https://api.yelp.com:443 "GET /v3/businesses/search?limit=3&categories=restaurants&latitude=45.54402449999999&longitude=-73.6677366&term=Flammkoeur&radius=200 HTTP/1.1" 401 100
DEBUG:urllib3.connectionpool:Starting new HTTPS connection (1): api.yelp.com
DEBUG:urllib3.connectionpool:https://api.yelp.com:443 "GET /v3/businesses/search?limit=3&categories=restaurants&latitude=45.5436447&longitude=-73.6680243&term=Caf%C3%A9%2BBar%2BEva&radius=200 HTTP/1.1" 401 100
DEBUG:urllib3.connectionpool:Starting new HTTPS connection (1): api.yelp.com
DEBUG:urllib3.connectionpool:https://api.yelp.com:443 "GET /v3/businesses/search?limit=3&categories=restaurants&latitude=45.5466802&longitude=-73.6658532&term=Madre%2BSur%2BFleury&radius=200 HTTP/1.1" 401 100
DEBUG:urllib3.connectionpool:Starting new HTTPS connection (1): api.yelp.com
DEBUG:urllib3.connectionpool:https://api.yelp.com:443 "GET /v3/businesses/search?limit=3&categories=restaurants&latitude=45.542564&longitude=-73.668334&term=L%27Artizan%2Bpizza&radius=200 HTTP/1.1" 401 100
DEBUG:urllib3.connectionpool:Starting new HTTPS connection (1): api.yelp.com
DEBUG:urllib3.connectionpool:https://api.yelp.com:443 "GET /v3/businesses/search?limit=3&categories=restaurants&latitude=45.54812920000001&longitude=-73.6652663&term=Sushi%2B426%2B%28Fleury%29&radius=200 HTTP/1.1" 401 100
DEBUG:urllib3.connectionpool:Starting new HTTPS connection (1): api.yelp.com
DEBUG:urllib3.connectionpool:https://api.yelp.com:443 "GET /v3/businesses/search?limit=3&categories=restaurants&latitude=45.5460511&longitude=-73.65784459999999&term=Restaurant%2BSUBWAY&radius=200 HTTP/1.1" 401 100
DEBUG:urllib3.connectionpool:Starting new HTTPS connection (1): api.yelp.com
DEBUG:urllib3.connectionpool:https://api.yelp.com:443 "GET /v3/businesses/search?limit=3&categories=restaurants&latitude=45.546456&longitude=-73.65752599999999&term=Sushi%2BNobori&radius=200 HTTP/1.1" 401 100
DEBUG:urllib3.connectionpool:Starting new HTTPS connection (1): api.yelp.com
DEBUG:urllib3.connectionpool:https://api.yelp.com:443 "GET /v3/businesses/search?limit=3&categories=restaurants&latitude=45.5534116&longitude=-73.6694802&term=Club%2BSocial%2BArgentino%2Bde%2BMontr%C3%A9al&radius=200 HTTP/1.1" 401 100
DEBUG:urllib3.connectionpool:Starting new HTTPS connection (1): api.yelp.com
DEBUG:urllib3.connectionpool:https://api.yelp.com:443 "GET /v3/businesses/search?limit=3&categories=restaurants&latitude=45.554058&longitude=-73.6691706&term=Sushi%2BJapango&radius=200 HTTP/1.1" 401 100
DEBUG:urllib3.connectionpool:Starting new HTTPS connection (1): api.yelp.com
DEBUG:urllib3.connectionpool:https://api.yelp.com:443 "GET /v3/businesses/search?limit=3&categories=restaurants&latitude=45.5476642&longitude=-73.6568605&term=Cultures&radius=200 HTTP/1.1" 401 100
DEBUG:urllib3.connectionpool:Starting new HTTPS connection (1): api.yelp.com
DEBUG:urllib3.connectionpool:https://api.yelp.com:443 "GET /v3/businesses/search?limit=3&categories=restaurants&latitude=45.547824&longitude=-73.66113&term=Il%2BTavolino&radius=200 HTTP/1.1" 401 100
DEBUG:urllib3.connectionpool:Starting new HTTPS connection (1): api.yelp.com
DEBUG:urllib3.connectionpool:https://api.yelp.com:443 "GET /v3/businesses/search?limit=3&categories=restaurants&latitude=45.5407148&longitude=-73.6602791&term=Centre%2Bde%2BService%2BPort%2BRoyal&radius=200 HTTP/1.1" 401 100
DEBUG:urllib3.connectionpool:Starting new HTTPS connection (1): api.yelp.com
DEBUG:urllib3.connectionpool:https://api.yelp.com:443 "GET /v3/businesses/search?limit=3&categories=restaurants&latitude=45.5425639&longitude=-73.6683684&term=Lartizanpizza&radius=200 HTTP/1.1" 401 100
DEBUG:urllib3.connectionpool:Starting new HTTPS connection (1): api.yelp.com
DEBUG:urllib3.connectionpool:https://api.yelp.com:443 "GET /v3/businesses/search?limit=3&categories=restaurants&latitude=45.5485411&longitude=-73.6653595&term=Aliments%2BAkadi&radius=200 HTTP/1.1" 401 100
DEBUG:urllib3.connectionpool:Starting new HTTPS connection (1): api.yelp.com
DEBUG:urllib3.connectionpool:https://api.yelp.com:443 "GET /v3/businesses/search?limit=3&categories=restaurants&latitude=45.5469526&longitude=-73.6603321&term=Restaurant%2BCara%C3%AFbee&radius=200 HTTP/1.1" 401 100
DEBUG:urllib3.connectionpool:Starting new HTTPS connection (1): api.yelp.com
DEBUG:urllib3.connectionpool:https://api.yelp.com:443 "GET /v3/businesses/search?limit=3&categories=restaurants&latitude=45.5467229&longitude=-73.6595463&term=Marabou&radius=200 HTTP/1.1" 401 100
DEBUG:urllib3.connectionpool:Starting new HTTPS connection (1): api.yelp.com
DEBUG:urllib3.connectionpool:https://api.yelp.com:443 "GET /v3/businesses/search?limit=3&categories=restaurants&latitude=45.5518846&longitude=-73.6702796&term=Chef%2BMak&radius=200 HTTP/1.1" 401 100
DEBUG:urllib3.connectionpool:Starting new HTTPS connection (1): api.yelp.com
DEBUG:urllib3.connectionpool:https://api.yelp.com:443 "GET /v3/businesses/search?limit=3&categories=restaurants&latitude=45.5534063&longitude=-73.6694844&term=Au%2BParasol%2BChinois&radius=200 HTTP/1.1" 401 100
DEBUG:urllib3.connectionpool:Starting new HTTPS connection (1): api.yelp.com
DEBUG:urllib3.connectionpool:https://api.yelp.com:443 "GET /v3/businesses/search?limit=3&categories=restaurants&latitude=45.5534157&longitude=-73.6694845&term=Bistro%2BLa%2BR%C3%A9f%C3%A9rence&radius=200 HTTP/1.1" 401 100
DEBUG:urllib3.connectionpool:Starting new HTTPS connection (1): api.yelp.com
DEBUG:urllib3.connectionpool:https://api.yelp.com:443 "GET /v3/businesses/search?limit=3&categories=restaurants&latitude=45.53896049999999&longitude=-73.660029&term=Restaurant%2BPizza%2BMeilleur&radius=200 HTTP/1.1" 401 100
DEBUG:urllib3.connectionpool:Starting new HTTPS connection (1): api.yelp.com
DEBUG:urllib3.connectionpool:https://api.yelp.com:443 "GET /v3/businesses/search?limit=3&categories=restaurants&latitude=45.5541374&longitude=-73.6691049&term=Bagel%2BHenri-Bourassa&radius=200 HTTP/1.1" 401 100
DEBUG:urllib3.connectionpool:Starting new HTTPS connection (1): api.yelp.com
DEBUG:urllib3.connectionpool:https://api.yelp.com:443 "GET /v3/businesses/search?limit=3&categories=restaurants&latitude=45.545074&longitude=-73.666726&term=Le%2BLucie&radius=200 HTTP/1.1" 401 100
DEBUG:urllib3.connectionpool:Starting new HTTPS connection (1): api.yelp.com
DEBUG:urllib3.connectionpool:https://api.yelp.com:443 "GET /v3/businesses/search?limit=3&categories=restaurants&latitude=45.53805929999999&longitude=-73.6545867&term=Subway&radius=200 HTTP/1.1" 401 100
DEBUG:urllib3.connectionpool:Starting new HTTPS connection (1): api.yelp.com
DEBUG:urllib3.connectionpool:https://api.yelp.com:443 "GET /v3/businesses/search?limit=3&categories=restaurants&latitude=45.5408135&longitude=-73.6529942&term=Restaurant%2BPasta%2BBar&radius=200 HTTP/1.1" 401 100
DEBUG:urllib3.connectionpool:Starting new HTTPS connection (1): api.yelp.com
DEBUG:urllib3.connectionpool:https://api.yelp.com:443 "GET /v3/businesses/search?limit=3&categories=restaurants&latitude=45.53836380000001&longitude=-73.6544177&term=Cafe%2BGentile&radius=200 HTTP/1.1" 401 100
DEBUG:urllib3.connectionpool:Starting new HTTPS connection (1): api.yelp.com
DEBUG:urllib3.connectionpool:https://api.yelp.com:443 "GET /v3/businesses/search?limit=3&categories=restaurants&latitude=45.5502738&longitude=-73.6509638&term=Martini%2BPizzeria&radius=200 HTTP/1.1" 401 100
DEBUG:urllib3.connectionpool:Starting new HTTPS connection (1): api.yelp.com
DEBUG:urllib3.connectionpool:https://api.yelp.com:443 "GET /v3/businesses/search?limit=3&categories=restaurants&latitude=45.53897000000001&longitude=-73.65470499999999&term=La%2BPrep&radius=200 HTTP/1.1" 401 100
DEBUG:urllib3.connectionpool:Starting new HTTPS connection (1): api.yelp.com
DEBUG:urllib3.connectionpool:https://api.yelp.com:443 "GET /v3/businesses/search?limit=3&categories=restaurants&latitude=45.5402679&longitude=-73.6538029&term=Bienville%2BSur%2BChabanal&radius=200 HTTP/1.1" 401 100
DEBUG:urllib3.connectionpool:Starting new HTTPS connection (1): api.yelp.com
DEBUG:urllib3.connectionpool:https://api.yelp.com:443 "GET /v3/businesses/search?limit=3&categories=restaurants&latitude=45.53979469999999&longitude=-73.6536102&term=Tha%C3%AF%2BCity&radius=200 HTTP/1.1" 401 100
DEBUG:urllib3.connectionpool:Starting new HTTPS connection (1): api.yelp.com
DEBUG:urllib3.connectionpool:https://api.yelp.com:443 "GET /v3/businesses/search?limit=3&categories=restaurants&latitude=45.5443237&longitude=-73.6518417&term=Cheong%2BWing%2BIntl&radius=200 HTTP/1.1" 401 100
DEBUG:urllib3.connectionpool:Starting new HTTPS connection (1): api.yelp.com
DEBUG:urllib3.connectionpool:https://api.yelp.com:443 "GET /v3/businesses/search?limit=3&categories=restaurants&latitude=45.5448011&longitude=-73.65171409999999&term=Pho%2B99%2BChabanel&radius=200 HTTP/1.1" 401 100
DEBUG:urllib3.connectionpool:Starting new HTTPS connection (1): api.yelp.com
DEBUG:urllib3.connectionpool:https://api.yelp.com:443 "GET /v3/businesses/search?limit=3&categories=restaurants&latitude=45.540184&longitude=-73.6538391&term=L%27Oeufrier%2BChabanel&radius=200 HTTP/1.1" 401 100
DEBUG:urllib3.connectionpool:Starting new HTTPS connection (1): api.yelp.com
DEBUG:urllib3.connectionpool:https://api.yelp.com:443 "GET /v3/businesses/search?limit=3&categories=restaurants&latitude=45.5382506&longitude=-73.65582330000001&term=Comme%2BLes%2BCopains%2BBy%2BArmand%27Au&radius=200 HTTP/1.1" 401 100
DEBUG:urllib3.connectionpool:Starting new HTTPS connection (1): api.yelp.com
DEBUG:urllib3.connectionpool:https://api.yelp.com:443 "GET /v3/businesses/search?limit=3&categories=restaurants&latitude=45.53880789999999&longitude=-73.65452549999999&term=Parking&radius=200 HTTP/1.1" 401 100
DEBUG:urllib3.connectionpool:Starting new HTTPS connection (1): api.yelp.com
DEBUG:urllib3.connectionpool:https://api.yelp.com:443 "GET /v3/businesses/search?limit=3&categories=restaurants&latitude=45.549311&longitude=-73.647441&term=Georgina&radius=200 HTTP/1.1" 401 100
DEBUG:urllib3.connectionpool:Starting new HTTPS connection (1): api.yelp.com
DEBUG:urllib3.connectionpool:https://api.yelp.com:443 "GET /v3/businesses/search?longitude=-73.6869408&term=Sapori%2BDi%2BNapoli&categories=restaurants&radius=200&latitude=45.5409278&limit=3 HTTP/1.1" 200 None
DEBUG:urllib3.connectionpool:Starting new HTTPS connection (1): api.yelp.com
DEBUG:urllib3.connectionpool:https://api.yelp.com:443 "GET /v3/businesses/sapori-di-napoli-montr%C3%A9al HTTP/1.1" 200 None
DEBUG:urllib3.connectionpool:Starting new HTTPS connection (1): api.yelp.com
DEBUG:urllib3.connectionpool:https://api.yelp.com:443 "GET /v3/businesses/search?longitude=-73.696675&term=Restaurant%2BLe%2BBordelais&categories=restaurants&radius=200&latitude=45.546082&limit=3 HTTP/1.1" 200 None
DEBUG:urllib3.connectionpool:Starting new HTTPS connection (1): api.yelp.com
DEBUG:urllib3.connectionpool:https://api.yelp.com:443 "GET /v3/businesses/le-bordelais-montr%C3%A9al HTTP/1.1" 200 None
DEBUG:urllib3.connectionpool:Starting new HTTPS connection (1): api.yelp.com
DEBUG:urllib3.connectionpool:https://api.yelp.com:443 "GET /v3/businesses/search?longitude=-73.6873729&term=Restaurant%2BDima&categories=restaurants&radius=200&latitude=45.540389&limit=3 HTTP/1.1" 200 None
DEBUG:urllib3.connectionpool:Starting new HTTPS connection (1): api.yelp.com
DEBUG:urllib3.connectionpool:https://api.yelp.com:443 "GET /v3/businesses/restaurant-dima-montr%C3%A9al-2 HTTP/1.1" 200 None
DEBUG:urllib3.connectionpool:Starting new HTTPS connection (1): api.yelp.com
DEBUG:urllib3.connectionpool:https://api.yelp.com:443 "GET /v3/businesses/search?longitude=-73.6955741&term=Restaurant%2BDollara%2BBurger&categories=restaurants&radius=200&latitude=45.5412884&limit=3 HTTP/1.1" 200 None
DEBUG:urllib3.connectionpool:Starting new HTTPS connection (1): api.yelp.com
DEBUG:urllib3.connectionpool:https://api.yelp.com:443 "GET /v3/businesses/search?longitude=-73.6954513&term=Pizzeria%2BGigi&categories=restaurants&radius=200&latitude=45.5412881&limit=3 HTTP/1.1" 200 None
DEBUG:urllib3.connectionpool:Starting new HTTPS connection (1): api.yelp.com
DEBUG:urllib3.connectionpool:https://api.yelp.com:443 "GET /v3/businesses/search?longitude=-73.6872491&term=Boulangerie%2BSeta&categories=restaurants&radius=200&latitude=45.5404742&limit=3 HTTP/1.1" 200 None
DEBUG:urllib3.connectionpool:Starting new HTTPS connection (1): api.yelp.com
DEBUG:urllib3.connectionpool:https://api.yelp.com:443 "GET /v3/businesses/search?longitude=-73.6870809&term=Le%2BDelicieux&categories=restaurants&radius=200&latitude=45.5402203&limit=3 HTTP/1.1" 200 None
DEBUG:urllib3.connectionpool:Starting new HTTPS connection (1): api.yelp.com
DEBUG:urllib3.connectionpool:https://api.yelp.com:443 "GET /v3/businesses/restaurant-dima-montr%C3%A9al-2 HTTP/1.1" 200 None
DEBUG:urllib3.connectionpool:Starting new HTTPS connection (1): api.yelp.com
DEBUG:urllib3.connectionpool:https://api.yelp.com:443 "GET /v3/businesses/search?longitude=-73.69895439999999&term=Pyj%2BAma%2BPyjama&categories=restaurants&radius=200&latitude=45.5386105&limit=3 HTTP/1.1" 200 None
DEBUG:urllib3.connectionpool:Starting new HTTPS connection (1): api.yelp.com
DEBUG:urllib3.connectionpool:https://api.yelp.com:443 "GET /v3/businesses/search?longitude=-73.6975066&term=Kebeh%2BKabab&categories=restaurants&radius=200&latitude=45.5368465&limit=3 HTTP/1.1" 200 None
DEBUG:urllib3.connectionpool:Starting new HTTPS connection (1): api.yelp.com
DEBUG:urllib3.connectionpool:https://api.yelp.com:443 "GET /v3/businesses/search?longitude=-73.69769459999999&term=Nouille%2BOrientale&categories=restaurants&radius=200&latitude=45.5367221&limit=3 HTTP/1.1" 200 None
DEBUG:urllib3.connectionpool:Starting new HTTPS connection (1): api.yelp.com
DEBUG:urllib3.connectionpool:https://api.yelp.com:443 "GET /v3/businesses/search?longitude=-73.67173939999999&term=Subway&categories=restaurants&radius=200&latitude=45.5484701&limit=3 HTTP/1.1" 200 None
DEBUG:urllib3.connectionpool:Starting new HTTPS connection (1): api.yelp.com
DEBUG:urllib3.connectionpool:https://api.yelp.com:443 "GET /v3/businesses/search?longitude=-73.6722099&term=Pizza%2BRoni&categories=restaurants&radius=200&latitude=45.5476482&limit=3 HTTP/1.1" 200 None
DEBUG:urllib3.connectionpool:Starting new HTTPS connection (1): api.yelp.com
DEBUG:urllib3.connectionpool:https://api.yelp.com:443 "GET /v3/businesses/pizza-roni-montr%C3%A9al-2 HTTP/1.1" 200 None
DEBUG:urllib3.connectionpool:Starting new HTTPS connection (1): api.yelp.com
DEBUG:urllib3.connectionpool:https://api.yelp.com:443 "GET /v3/businesses/search?longitude=-73.679182&term=Restaurant%2BSUBWAY&categories=restaurants&radius=200&latitude=45.5380018&limit=3 HTTP/1.1" 200 None
DEBUG:urllib3.connectionpool:Starting new HTTPS connection (1): api.yelp.com
DEBUG:urllib3.connectionpool:https://api.yelp.com:443 "GET /v3/businesses/search?longitude=-73.67358279999999&term=Restaurant%2BFeuilles%2BDe%2BBasilic&categories=restaurants&radius=200&latitude=45.545412&limit=3 HTTP/1.1" 200 None
DEBUG:urllib3.connectionpool:Starting new HTTPS connection (1): api.yelp.com
DEBUG:urllib3.connectionpool:https://api.yelp.com:443 "GET /v3/businesses/search?longitude=-73.673568&term=Sushi%2B426&categories=restaurants&radius=200&latitude=45.5454081&limit=3 HTTP/1.1" 200 None
DEBUG:urllib3.connectionpool:Starting new HTTPS connection (1): api.yelp.com
DEBUG:urllib3.connectionpool:https://api.yelp.com:443 "GET /v3/businesses/search?longitude=-73.6780739&term=Coq%2BLa%2BLa%2BLivraison%2BGrillades&categories=restaurants&radius=200&latitude=45.5374814&limit=3 HTTP/1.1" 200 None
DEBUG:urllib3.connectionpool:Starting new HTTPS connection (1): api.yelp.com
DEBUG:urllib3.connectionpool:https://api.yelp.com:443 "GET /v3/businesses/search?longitude=-73.671255&term=Restaurant%2BCasa%2BVertoudos&categories=restaurants&radius=200&latitude=45.5503389&limit=3 HTTP/1.1" 200 None
DEBUG:urllib3.connectionpool:Starting new HTTPS connection (1): api.yelp.com
DEBUG:urllib3.connectionpool:https://api.yelp.com:443 "GET /v3/businesses/restaurant-casa-vertoudos-montr%C3%A9al-2 HTTP/1.1" 200 None
DEBUG:urllib3.connectionpool:Starting new HTTPS connection (1): api.yelp.com
DEBUG:urllib3.connectionpool:https://api.yelp.com:443 "GET /v3/businesses/search?longitude=-73.67458189999999&term=Restaurant%2BL%27Oeuforie%2BMatinale&categories=restaurants&radius=200&latitude=45.54478649999999&limit=3 HTTP/1.1" 200 None
DEBUG:urllib3.connectionpool:Starting new HTTPS connection (1): api.yelp.com
DEBUG:urllib3.connectionpool:https://api.yelp.com:443 "GET /v3/businesses/search?longitude=-73.6793517&term=Caf%C3%A9%2BBois%2BDe%2BBoulogne&categories=restaurants&radius=200&latitude=45.537698&limit=3 HTTP/1.1" 200 None
DEBUG:urllib3.connectionpool:Starting new HTTPS connection (1): api.yelp.com
DEBUG:urllib3.connectionpool:https://api.yelp.com:443 "GET /v3/businesses/search?longitude=-73.67413979999999&term=Porto%2BPoulet&categories=restaurants&radius=200&latitude=45.5455046&limit=3 HTTP/1.1" 200 None
DEBUG:urllib3.connectionpool:Starting new HTTPS connection (1): api.yelp.com
DEBUG:urllib3.connectionpool:https://api.yelp.com:443 "GET /v3/businesses/porto-poulet-montr%C3%A9al HTTP/1.1" 200 None
DEBUG:urllib3.connectionpool:Starting new HTTPS connection (1): api.yelp.com
DEBUG:urllib3.connectionpool:https://api.yelp.com:443 "GET /v3/businesses/search?longitude=-73.6780259&term=Nouilles%2BEt%2BFrites&categories=restaurants&radius=200&latitude=45.537485&limit=3 HTTP/1.1" 200 None
DEBUG:urllib3.connectionpool:Starting new HTTPS connection (1): api.yelp.com
DEBUG:urllib3.connectionpool:https://api.yelp.com:443 "GET /v3/businesses/search?longitude=-73.67098770000001&term=Cafe%2BNo%2BProbleme&categories=restaurants&radius=200&latitude=45.5495882&limit=3 HTTP/1.1" 200 None
DEBUG:urllib3.connectionpool:Starting new HTTPS connection (1): api.yelp.com
DEBUG:urllib3.connectionpool:https://api.yelp.com:443 "GET /v3/businesses/search?longitude=-73.67098770000001&term=Montreal%2BPizza%2BBoys&categories=restaurants&radius=200&latitude=45.5495882&limit=3 HTTP/1.1" 200 None
DEBUG:urllib3.connectionpool:Starting new HTTPS connection (1): api.yelp.com
DEBUG:urllib3.connectionpool:https://api.yelp.com:443 "GET /v3/businesses/search?longitude=-73.6713536&term=Bar%2BAhuntsic&categories=restaurants&radius=200&latitude=45.5503462&limit=3 HTTP/1.1" 200 None
DEBUG:urllib3.connectionpool:Starting new HTTPS connection (1): api.yelp.com
DEBUG:urllib3.connectionpool:https://api.yelp.com:443 "GET /v3/businesses/search?longitude=-73.671391&term=Brasserie%2BAhuntsic&categories=restaurants&radius=200&latitude=45.5503282&limit=3 HTTP/1.1" 200 None
DEBUG:urllib3.connectionpool:Starting new HTTPS connection (1): api.yelp.com
DEBUG:urllib3.connectionpool:https://api.yelp.com:443 "GET /v3/businesses/search?longitude=-73.67865549999999&term=OCCOQ&categories=restaurants&radius=200&latitude=45.53653449999999&limit=3 HTTP/1.1" 200 None
DEBUG:urllib3.connectionpool:Starting new HTTPS connection (1): api.yelp.com
DEBUG:urllib3.connectionpool:https://api.yelp.com:443 "GET /v3/businesses/search?longitude=-73.7006633&term=McDonald%27s&categories=restaurants&radius=200&latitude=45.5366603&limit=3 HTTP/1.1" 200 None
DEBUG:urllib3.connectionpool:Starting new HTTPS connection (1): api.yelp.com
DEBUG:urllib3.connectionpool:https://api.yelp.com:443 "GET /v3/businesses/mcdonalds-montr%C3%A9al-9 HTTP/1.1" 200 None
DEBUG:urllib3.connectionpool:Starting new HTTPS connection (1): api.yelp.com
DEBUG:urllib3.connectionpool:https://api.yelp.com:443 "GET /v3/businesses/search?longitude=-73.69814439999999&term=Restaurant%2BSUBWAY&categories=restaurants&radius=200&latitude=45.5363271&limit=3 HTTP/1.1" 200 None
DEBUG:urllib3.connectionpool:Starting new HTTPS connection (1): api.yelp.com
DEBUG:urllib3.connectionpool:https://api.yelp.com:443 "GET /v3/businesses/search?longitude=-73.7002781&term=Thai%2BExpress&categories=restaurants&radius=200&latitude=45.5363541&limit=3 HTTP/1.1" 200 None
DEBUG:urllib3.connectionpool:Starting new HTTPS connection (1): api.yelp.com
DEBUG:urllib3.connectionpool:https://api.yelp.com:443 "GET /v3/businesses/tha%C3%AF-express-montr%C3%A9al-11 HTTP/1.1" 200 None
DEBUG:urllib3.connectionpool:Starting new HTTPS connection (1): api.yelp.com
DEBUG:urllib3.connectionpool:https://api.yelp.com:443 "GET /v3/businesses/search?longitude=-73.69771&term=Kabeh%2BKabab&categories=restaurants&radius=200&latitude=45.5363908&limit=3 HTTP/1.1" 200 None
DEBUG:urllib3.connectionpool:Starting new HTTPS connection (1): api.yelp.com
DEBUG:urllib3.connectionpool:https://api.yelp.com:443 "GET /v3/businesses/search?longitude=-73.698241&term=Double%2BPizza&categories=restaurants&radius=200&latitude=45.5362375&limit=3 HTTP/1.1" 200 None
DEBUG:urllib3.connectionpool:Starting new HTTPS connection (1): api.yelp.com
DEBUG:urllib3.connectionpool:https://api.yelp.com:443 "GET /v3/businesses/search?longitude=-73.7008464&term=Do-r%C3%A9-mi&categories=restaurants&radius=200&latitude=45.5372734&limit=3 HTTP/1.1" 200 None
DEBUG:urllib3.connectionpool:Starting new HTTPS connection (1): api.yelp.com
DEBUG:urllib3.connectionpool:https://api.yelp.com:443 "GET /v3/businesses/search?longitude=-73.6807206&term=Mahi%2BExpress&categories=restaurants&radius=200&latitude=45.5297699&limit=3 HTTP/1.1" 200 None
DEBUG:urllib3.connectionpool:Starting new HTTPS connection (1): api.yelp.com
DEBUG:urllib3.connectionpool:https://api.yelp.com:443 "GET /v3/businesses/search?longitude=-73.67126900000001&term=Restaurant%2BLa%2BRose%2BBleue&categories=restaurants&radius=200&latitude=45.53727199999999&limit=3 HTTP/1.1" 200 None
DEBUG:urllib3.connectionpool:Starting new HTTPS connection (1): api.yelp.com
DEBUG:urllib3.connectionpool:https://api.yelp.com:443 "GET /v3/businesses/search?longitude=-73.6704219&term=Grotte%2BDe%2BLa%2BMer%2BInc%2B%28La%29&categories=restaurants&radius=200&latitude=45.5331449&limit=3 HTTP/1.1" 200 None
DEBUG:urllib3.connectionpool:Starting new HTTPS connection (1): api.yelp.com
DEBUG:urllib3.connectionpool:https://api.yelp.com:443 "GET /v3/businesses/search?longitude=-73.66751459999999&term=Rino%2BPizzeria%2BLtee&categories=restaurants&radius=200&latitude=45.5436894&limit=3 HTTP/1.1" 200 None
DEBUG:urllib3.connectionpool:Starting new HTTPS connection (1): api.yelp.com
DEBUG:urllib3.connectionpool:https://api.yelp.com:443 "GET /v3/businesses/search?longitude=-73.6656118&term=Le%2BSt-Urbain&categories=restaurants&radius=200&latitude=45.5470555&limit=3 HTTP/1.1" 200 None
DEBUG:urllib3.connectionpool:Starting new HTTPS connection (1): api.yelp.com
DEBUG:urllib3.connectionpool:https://api.yelp.com:443 "GET /v3/businesses/le-st-urbain-montr%C3%A9al-2 HTTP/1.1" 200 None
DEBUG:urllib3.connectionpool:Starting new HTTPS connection (1): api.yelp.com
DEBUG:urllib3.connectionpool:https://api.yelp.com:443 "GET /v3/businesses/search?longitude=-73.6662991&term=Les%2BCavistes%2B%7C%2BBistro%2BBar%2B%C3%A0%2Bvin%2BBoutique&categories=restaurants&radius=200&latitude=45.5457577&limit=3 HTTP/1.1" 200 None
DEBUG:urllib3.connectionpool:Starting new HTTPS connection (1): api.yelp.com
DEBUG:urllib3.connectionpool:https://api.yelp.com:443 "GET /v3/businesses/search?longitude=-73.6573353&term=Domino%27s%2BPizza&categories=restaurants&radius=200&latitude=45.5463878&limit=3 HTTP/1.1" 200 None
DEBUG:urllib3.connectionpool:Starting new HTTPS connection (1): api.yelp.com
DEBUG:urllib3.connectionpool:https://api.yelp.com:443 "GET /v3/businesses/search?longitude=-73.665539&term=La%2BB%C3%AAte%2BA%2BPain&categories=restaurants&radius=200&latitude=45.5467474&limit=3 HTTP/1.1" 200 None
DEBUG:urllib3.connectionpool:Starting new HTTPS connection (1): api.yelp.com
DEBUG:urllib3.connectionpool:https://api.yelp.com:443 "GET /v3/businesses/le-st-urbain-montr%C3%A9al-2 HTTP/1.1" 200 None
DEBUG:urllib3.connectionpool:Starting new HTTPS connection (1): api.yelp.com
DEBUG:urllib3.connectionpool:https://api.yelp.com:443 "GET /v3/businesses/search?longitude=-73.66572620000001&term=Chocolaterie%2BBonneau%2C%2Bchocolaterie%2C%2Bp%C3%A2tisserie%2C%2Bcr%C3%AAperie%2B%C3%A0%2BMontr%C3%A9al&categories=restaurants&radius=200&latitude=45.5473974&limit=3 HTTP/1.1" 200 None
DEBUG:urllib3.connectionpool:Starting new HTTPS connection (1): api.yelp.com
DEBUG:urllib3.connectionpool:https://api.yelp.com:443 "GET /v3/businesses/search?longitude=-73.659577&term=Double%2BPizza&categories=restaurants&radius=200&latitude=45.546679&limit=3 HTTP/1.1" 200 None
DEBUG:urllib3.connectionpool:Starting new HTTPS connection (1): api.yelp.com
DEBUG:urllib3.connectionpool:https://api.yelp.com:443 "GET /v3/businesses/double-pizza-montr%C3%A9al-13 HTTP/1.1" 200 None
DEBUG:urllib3.connectionpool:Starting new HTTPS connection (1): api.yelp.com
DEBUG:urllib3.connectionpool:https://api.yelp.com:443 "GET /v3/businesses/search?longitude=-73.66600269999999&term=Frite%2BAlors%2BFleury&categories=restaurants&radius=200&latitude=45.5466408&limit=3 HTTP/1.1" 200 None
DEBUG:urllib3.connectionpool:Starting new HTTPS connection (1): api.yelp.com
DEBUG:urllib3.connectionpool:https://api.yelp.com:443 "GET /v3/businesses/frites-alors-montr%C3%A9al-5 HTTP/1.1" 200 None
DEBUG:urllib3.connectionpool:Starting new HTTPS connection (1): api.yelp.com
DEBUG:urllib3.connectionpool:https://api.yelp.com:443 "GET /v3/businesses/search?longitude=-73.6677366&term=Flammkoeur&categories=restaurants&radius=200&latitude=45.54402449999999&limit=3 HTTP/1.1" 200 None
DEBUG:urllib3.connectionpool:Starting new HTTPS connection (1): api.yelp.com
DEBUG:urllib3.connectionpool:https://api.yelp.com:443 "GET /v3/businesses/flammkoeur-et-parigot-montr%C3%A9al-2 HTTP/1.1" 200 None
DEBUG:urllib3.connectionpool:Starting new HTTPS connection (1): api.yelp.com
DEBUG:urllib3.connectionpool:https://api.yelp.com:443 "GET /v3/businesses/search?longitude=-73.6680243&term=Caf%C3%A9%2BBar%2BEva&categories=restaurants&radius=200&latitude=45.5436447&limit=3 HTTP/1.1" 200 None
DEBUG:urllib3.connectionpool:Starting new HTTPS connection (1): api.yelp.com
DEBUG:urllib3.connectionpool:https://api.yelp.com:443 "GET /v3/businesses/caf%C3%A9-bar-eva-montr%C3%A9al HTTP/1.1" 200 None
DEBUG:urllib3.connectionpool:Starting new HTTPS connection (1): api.yelp.com
DEBUG:urllib3.connectionpool:https://api.yelp.com:443 "GET /v3/businesses/search?longitude=-73.6658532&term=Madre%2BSur%2BFleury&categories=restaurants&radius=200&latitude=45.5466802&limit=3 HTTP/1.1" 200 None
DEBUG:urllib3.connectionpool:Starting new HTTPS connection (1): api.yelp.com
DEBUG:urllib3.connectionpool:https://api.yelp.com:443 "GET /v3/businesses/search?longitude=-73.668334&term=L%27Artizan%2Bpizza&categories=restaurants&radius=200&latitude=45.542564&limit=3 HTTP/1.1" 200 None
DEBUG:urllib3.connectionpool:Starting new HTTPS connection (1): api.yelp.com
DEBUG:urllib3.connectionpool:https://api.yelp.com:443 "GET /v3/businesses/l-artizan-pizza-montr%C3%A9al-3 HTTP/1.1" 200 None
DEBUG:urllib3.connectionpool:Starting new HTTPS connection (1): api.yelp.com
DEBUG:urllib3.connectionpool:https://api.yelp.com:443 "GET /v3/businesses/search?longitude=-73.6652663&term=Sushi%2B426%2B%28Fleury%29&categories=restaurants&radius=200&latitude=45.54812920000001&limit=3 HTTP/1.1" 200 None
DEBUG:urllib3.connectionpool:Starting new HTTPS connection (1): api.yelp.com
DEBUG:urllib3.connectionpool:https://api.yelp.com:443 "GET /v3/businesses/search?longitude=-73.65784459999999&term=Restaurant%2BSUBWAY&categories=restaurants&radius=200&latitude=45.5460511&limit=3 HTTP/1.1" 200 None
DEBUG:urllib3.connectionpool:Starting new HTTPS connection (1): api.yelp.com
DEBUG:urllib3.connectionpool:https://api.yelp.com:443 "GET /v3/businesses/search?longitude=-73.65752599999999&term=Sushi%2BNobori&categories=restaurants&radius=200&latitude=45.546456&limit=3 HTTP/1.1" 200 None
DEBUG:urllib3.connectionpool:Starting new HTTPS connection (1): api.yelp.com
DEBUG:urllib3.connectionpool:https://api.yelp.com:443 "GET /v3/businesses/nobori-sushi-montr%C3%A9al HTTP/1.1" 200 None
DEBUG:urllib3.connectionpool:Starting new HTTPS connection (1): api.yelp.com
DEBUG:urllib3.connectionpool:https://api.yelp.com:443 "GET /v3/businesses/search?longitude=-73.6694802&term=Club%2BSocial%2BArgentino%2Bde%2BMontr%C3%A9al&categories=restaurants&radius=200&latitude=45.5534116&limit=3 HTTP/1.1" 200 None
DEBUG:urllib3.connectionpool:Starting new HTTPS connection (1): api.yelp.com
DEBUG:urllib3.connectionpool:https://api.yelp.com:443 "GET /v3/businesses/search?longitude=-73.6691706&term=Sushi%2BJapango&categories=restaurants&radius=200&latitude=45.554058&limit=3 HTTP/1.1" 200 None
DEBUG:urllib3.connectionpool:Starting new HTTPS connection (1): api.yelp.com
DEBUG:urllib3.connectionpool:https://api.yelp.com:443 "GET /v3/businesses/sushi-japango-montr%C3%A9al-2 HTTP/1.1" 200 None
DEBUG:urllib3.connectionpool:Starting new HTTPS connection (1): api.yelp.com
DEBUG:urllib3.connectionpool:https://api.yelp.com:443 "GET /v3/businesses/search?longitude=-73.6568605&term=Cultures&categories=restaurants&radius=200&latitude=45.5476642&limit=3 HTTP/1.1" 200 None
DEBUG:urllib3.connectionpool:Starting new HTTPS connection (1): api.yelp.com
DEBUG:urllib3.connectionpool:https://api.yelp.com:443 "GET /v3/businesses/search?longitude=-73.66113&term=Il%2BTavolino&categories=restaurants&radius=200&latitude=45.547824&limit=3 HTTP/1.1" 200 None
DEBUG:urllib3.connectionpool:Starting new HTTPS connection (1): api.yelp.com
DEBUG:urllib3.connectionpool:https://api.yelp.com:443 "GET /v3/businesses/search?longitude=-73.6602791&term=Centre%2Bde%2BService%2BPort%2BRoyal&categories=restaurants&radius=200&latitude=45.5407148&limit=3 HTTP/1.1" 200 None
DEBUG:urllib3.connectionpool:Starting new HTTPS connection (1): api.yelp.com
DEBUG:urllib3.connectionpool:https://api.yelp.com:443 "GET /v3/businesses/search?longitude=-73.6683684&term=Lartizanpizza&categories=restaurants&radius=200&latitude=45.5425639&limit=3 HTTP/1.1" 200 None
DEBUG:urllib3.connectionpool:Starting new HTTPS connection (1): api.yelp.com
DEBUG:urllib3.connectionpool:https://api.yelp.com:443 "GET /v3/businesses/search?longitude=-73.6653595&term=Aliments%2BAkadi&categories=restaurants&radius=200&latitude=45.5485411&limit=3 HTTP/1.1" 200 None
DEBUG:urllib3.connectionpool:Starting new HTTPS connection (1): api.yelp.com
DEBUG:urllib3.connectionpool:https://api.yelp.com:443 "GET /v3/businesses/search?longitude=-73.6603321&term=Restaurant%2BCara%C3%AFbee&categories=restaurants&radius=200&latitude=45.5469526&limit=3 HTTP/1.1" 200 None
DEBUG:urllib3.connectionpool:Starting new HTTPS connection (1): api.yelp.com
DEBUG:urllib3.connectionpool:https://api.yelp.com:443 "GET /v3/businesses/search?longitude=-73.6595463&term=Marabou&categories=restaurants&radius=200&latitude=45.5467229&limit=3 HTTP/1.1" 200 None
DEBUG:urllib3.connectionpool:Starting new HTTPS connection (1): api.yelp.com
DEBUG:urllib3.connectionpool:https://api.yelp.com:443 "GET /v3/businesses/marabou-cr%C3%A9ole-montr%C3%A9al HTTP/1.1" 200 None
DEBUG:urllib3.connectionpool:Starting new HTTPS connection (1): api.yelp.com
DEBUG:urllib3.connectionpool:https://api.yelp.com:443 "GET /v3/businesses/search?longitude=-73.6702796&term=Chef%2BMak&categories=restaurants&radius=200&latitude=45.5518846&limit=3 HTTP/1.1" 200 None
DEBUG:urllib3.connectionpool:Starting new HTTPS connection (1): api.yelp.com
DEBUG:urllib3.connectionpool:https://api.yelp.com:443 "GET /v3/businesses/chef-mak-montr%C3%A9al HTTP/1.1" 200 None
DEBUG:urllib3.connectionpool:Starting new HTTPS connection (1): api.yelp.com
DEBUG:urllib3.connectionpool:https://api.yelp.com:443 "GET /v3/businesses/search?longitude=-73.6694844&term=Au%2BParasol%2BChinois&categories=restaurants&radius=200&latitude=45.5534063&limit=3 HTTP/1.1" 200 None
DEBUG:urllib3.connectionpool:Starting new HTTPS connection (1): api.yelp.com
DEBUG:urllib3.connectionpool:https://api.yelp.com:443 "GET /v3/businesses/search?longitude=-73.6694845&term=Bistro%2BLa%2BR%C3%A9f%C3%A9rence&categories=restaurants&radius=200&latitude=45.5534157&limit=3 HTTP/1.1" 200 None
DEBUG:urllib3.connectionpool:Starting new HTTPS connection (1): api.yelp.com
DEBUG:urllib3.connectionpool:https://api.yelp.com:443 "GET /v3/businesses/search?longitude=-73.660029&term=Restaurant%2BPizza%2BMeilleur&categories=restaurants&radius=200&latitude=45.53896049999999&limit=3 HTTP/1.1" 200 None
DEBUG:urllib3.connectionpool:Starting new HTTPS connection (1): api.yelp.com
DEBUG:urllib3.connectionpool:https://api.yelp.com:443 "GET /v3/businesses/search?longitude=-73.6691049&term=Bagel%2BHenri-Bourassa&categories=restaurants&radius=200&latitude=45.5541374&limit=3 HTTP/1.1" 200 None
DEBUG:urllib3.connectionpool:Starting new HTTPS connection (1): api.yelp.com
DEBUG:urllib3.connectionpool:https://api.yelp.com:443 "GET /v3/businesses/search?longitude=-73.666726&term=Le%2BLucie&categories=restaurants&radius=200&latitude=45.545074&limit=3 HTTP/1.1" 200 None
DEBUG:urllib3.connectionpool:Starting new HTTPS connection (1): api.yelp.com
DEBUG:urllib3.connectionpool:https://api.yelp.com:443 "GET /v3/businesses/search?longitude=-73.6545867&term=Subway&categories=restaurants&radius=200&latitude=45.53805929999999&limit=3 HTTP/1.1" 200 None
DEBUG:urllib3.connectionpool:Starting new HTTPS connection (1): api.yelp.com
DEBUG:urllib3.connectionpool:https://api.yelp.com:443 "GET /v3/businesses/search?longitude=-73.6529942&term=Restaurant%2BPasta%2BBar&categories=restaurants&radius=200&latitude=45.5408135&limit=3 HTTP/1.1" 200 None
DEBUG:urllib3.connectionpool:Starting new HTTPS connection (1): api.yelp.com
DEBUG:urllib3.connectionpool:https://api.yelp.com:443 "GET /v3/businesses/restaurant-pasta-bar-montr%C3%A9al-2 HTTP/1.1" 200 None
DEBUG:urllib3.connectionpool:Starting new HTTPS connection (1): api.yelp.com
DEBUG:urllib3.connectionpool:https://api.yelp.com:443 "GET /v3/businesses/search?longitude=-73.6544177&term=Cafe%2BGentile&categories=restaurants&radius=200&latitude=45.53836380000001&limit=3 HTTP/1.1" 200 None
DEBUG:urllib3.connectionpool:Starting new HTTPS connection (1): api.yelp.com
DEBUG:urllib3.connectionpool:https://api.yelp.com:443 "GET /v3/businesses/caf%C3%A9-gentile-montr%C3%A9al HTTP/1.1" 200 None
DEBUG:urllib3.connectionpool:Starting new HTTPS connection (1): api.yelp.com
DEBUG:urllib3.connectionpool:https://api.yelp.com:443 "GET /v3/businesses/search?longitude=-73.6509638&term=Martini%2BPizzeria&categories=restaurants&radius=200&latitude=45.5502738&limit=3 HTTP/1.1" 200 None
DEBUG:urllib3.connectionpool:Starting new HTTPS connection (1): api.yelp.com
DEBUG:urllib3.connectionpool:https://api.yelp.com:443 "GET /v3/businesses/martini-pizzeria-montr%C3%A9al-2 HTTP/1.1" 200 None
DEBUG:urllib3.connectionpool:Starting new HTTPS connection (1): api.yelp.com
DEBUG:urllib3.connectionpool:https://api.yelp.com:443 "GET /v3/businesses/search?longitude=-73.65470499999999&term=La%2BPrep&categories=restaurants&radius=200&latitude=45.53897000000001&limit=3 HTTP/1.1" 200 None
DEBUG:urllib3.connectionpool:Starting new HTTPS connection (1): api.yelp.com
DEBUG:urllib3.connectionpool:https://api.yelp.com:443 "GET /v3/businesses/la-prep-montr%C3%A9al-32 HTTP/1.1" 200 None
DEBUG:urllib3.connectionpool:Starting new HTTPS connection (1): api.yelp.com
DEBUG:urllib3.connectionpool:https://api.yelp.com:443 "GET /v3/businesses/search?longitude=-73.6538029&term=Bienville%2BSur%2BChabanal&categories=restaurants&radius=200&latitude=45.5402679&limit=3 HTTP/1.1" 200 None
DEBUG:urllib3.connectionpool:Starting new HTTPS connection (1): api.yelp.com
DEBUG:urllib3.connectionpool:https://api.yelp.com:443 "GET /v3/businesses/search?longitude=-73.6536102&term=Tha%C3%AF%2BCity&categories=restaurants&radius=200&latitude=45.53979469999999&limit=3 HTTP/1.1" 200 None
DEBUG:urllib3.connectionpool:Starting new HTTPS connection (1): api.yelp.com
DEBUG:urllib3.connectionpool:https://api.yelp.com:443 "GET /v3/businesses/search?longitude=-73.6518417&term=Cheong%2BWing%2BIntl&categories=restaurants&radius=200&latitude=45.5443237&limit=3 HTTP/1.1" 200 None
DEBUG:urllib3.connectionpool:Starting new HTTPS connection (1): api.yelp.com
DEBUG:urllib3.connectionpool:https://api.yelp.com:443 "GET /v3/businesses/search?longitude=-73.65171409999999&term=Pho%2B99%2BChabanel&categories=restaurants&radius=200&latitude=45.5448011&limit=3 HTTP/1.1" 200 None
DEBUG:urllib3.connectionpool:Starting new HTTPS connection (1): api.yelp.com
DEBUG:urllib3.connectionpool:https://api.yelp.com:443 "GET /v3/businesses/pho-99-chabanel-montr%C3%A9al HTTP/1.1" 200 None
DEBUG:urllib3.connectionpool:Starting new HTTPS connection (1): api.yelp.com
DEBUG:urllib3.connectionpool:https://api.yelp.com:443 "GET /v3/businesses/search?longitude=-73.6538391&term=L%27Oeufrier%2BChabanel&categories=restaurants&radius=200&latitude=45.540184&limit=3 HTTP/1.1" 200 None
DEBUG:urllib3.connectionpool:Starting new HTTPS connection (1): api.yelp.com
DEBUG:urllib3.connectionpool:https://api.yelp.com:443 "GET /v3/businesses/l-oeufrier-montr%C3%A9al-6 HTTP/1.1" 200 None
DEBUG:urllib3.connectionpool:Starting new HTTPS connection (1): api.yelp.com
DEBUG:urllib3.connectionpool:https://api.yelp.com:443 "GET /v3/businesses/search?longitude=-73.65582330000001&term=Comme%2BLes%2BCopains%2BBy%2BArmand%27Au&categories=restaurants&radius=200&latitude=45.5382506&limit=3 HTTP/1.1" 200 None
DEBUG:urllib3.connectionpool:Starting new HTTPS connection (1): api.yelp.com
DEBUG:urllib3.connectionpool:https://api.yelp.com:443 "GET /v3/businesses/search?longitude=-73.65452549999999&term=Parking&categories=restaurants&radius=200&latitude=45.53880789999999&limit=3 HTTP/1.1" 200 None
DEBUG:urllib3.connectionpool:Starting new HTTPS connection (1): api.yelp.com
DEBUG:urllib3.connectionpool:https://api.yelp.com:443 "GET /v3/businesses/search?longitude=-73.647441&term=Georgina&categories=restaurants&radius=200&latitude=45.549311&limit=3 HTTP/1.1" 200 None
